2025-11-07 22:34:44,657 - kafka.conn - INFO - <BrokerConnection client_id=kafka-python-producer-1, node_id=bootstrap-0 host=localhost:9092 <connecting> [IPv6 ('::1', 9092, 0, 0)]>: connecting to localhost:9092 [('::1', 9092, 0, 0) IPv6]
2025-11-07 22:36:23,667 - kafka.conn - INFO - <BrokerConnection client_id=kafka-python-producer-1, node_id=bootstrap-0 host=localhost:9092 <connecting> [IPv6 ('::1', 9092, 0, 0)]>: connecting to localhost:9092 [('::1', 9092, 0, 0) IPv6]
2025-11-07 22:47:14,026 - kafka.conn - INFO - <BrokerConnection client_id=kafka-python-producer-1, node_id=bootstrap-0 host=localhost:9092 <connecting> [IPv6 ('::1', 9092, 0, 0)]>: connecting to localhost:9092 [('::1', 9092, 0, 0) IPv6]
2025-11-07 22:47:14,054 - kafka.conn - INFO - <BrokerConnection client_id=kafka-python-producer-1, node_id=bootstrap-0 host=localhost:9092 <checking_api_versions_recv> [IPv6 ('::1', 9092, 0, 0)]>: Broker version identified as 2.6
2025-11-07 22:47:14,055 - kafka.conn - INFO - <BrokerConnection client_id=kafka-python-producer-1, node_id=bootstrap-0 host=localhost:9092 <connected> [IPv6 ('::1', 9092, 0, 0)]>: Connection complete.
2025-11-07 22:47:14,659 - kafka.conn - INFO - <BrokerConnection client_id=kafka-python-producer-1, node_id=1 host=localhost:9092 <connecting> [IPv6 ('::1', 9092, 0, 0)]>: connecting to localhost:9092 [('::1', 9092, 0, 0) IPv6]
2025-11-07 22:47:14,659 - kafka.conn - INFO - <BrokerConnection client_id=kafka-python-producer-1, node_id=1 host=localhost:9092 <connected> [IPv6 ('::1', 9092, 0, 0)]>: Connection complete.
2025-11-07 22:47:14,659 - kafka.conn - INFO - <BrokerConnection client_id=kafka-python-producer-1, node_id=bootstrap-0 host=localhost:9092 <connected> [IPv6 ('::1', 9092, 0, 0)]>: Closing connection. 
2025-11-07 22:47:14,702 - kafka.cluster - WARNING - Topic market_data is not available during auto-create initialization
2025-11-07 22:47:14,825 - kafka.cluster - WARNING - Topic market_data is not available during auto-create initialization
2025-11-07 22:47:14,933 - producer - INFO - Sent: {'symbol': 'AAPL', 'data': {'c': 268.585, 'd': -1.185, 'dp': -0.4393, 'h': 272.29, 'l': 267.27, 'o': 269.63, 'pc': 269.77, 't': 1762535782}, 'timestamp': 1762535834.6580646}
2025-11-07 22:47:15,695 - producer - INFO - Sent: {'symbol': 'TSLA', 'data': {'c': 426.66, 'd': -19.25, 'dp': -4.317, 'h': 453.5, 'l': 421.88, 'o': 453.5, 'pc': 445.91, 't': 1762535782}, 'timestamp': 1762535835.6953766}
2025-11-07 22:47:16,261 - producer - INFO - Sent: {'symbol': 'MSFT', 'data': {'c': 494.36, 'd': -2.74, 'dp': -0.5512, 'h': 499.377, 'l': 493.25, 'o': 498.05, 'pc': 497.1, 't': 1762535782}, 'timestamp': 1762535836.2616336}
2025-11-07 22:47:18,850 - producer - INFO - Sent: {'symbol': 'AAPL', 'data': {'c': 268.67, 'd': -1.1, 'dp': -0.4078, 'h': 272.29, 'l': 267.27, 'o': 269.63, 'pc': 269.77, 't': 1762535831}, 'timestamp': 1762535838.8492286}
2025-11-07 22:47:19,438 - producer - INFO - Sent: {'symbol': 'TSLA', 'data': {'c': 427.2201, 'd': -18.6899, 'dp': -4.1914, 'h': 453.5, 'l': 421.88, 'o': 453.5, 'pc': 445.91, 't': 1762535832}, 'timestamp': 1762535839.4373772}
2025-11-07 22:47:20,060 - producer - INFO - Sent: {'symbol': 'MSFT', 'data': {'c': 494.49, 'd': -2.61, 'dp': -0.525, 'h': 499.377, 'l': 493.25, 'o': 498.05, 'pc': 497.1, 't': 1762535831}, 'timestamp': 1762535840.0601296}
2025-11-07 22:47:22,661 - producer - INFO - Sent: {'symbol': 'AAPL', 'data': {'c': 268.67, 'd': -1.1, 'dp': -0.4078, 'h': 272.29, 'l': 267.27, 'o': 269.63, 'pc': 269.77, 't': 1762535831}, 'timestamp': 1762535842.6610823}
2025-11-07 22:47:23,241 - producer - INFO - Sent: {'symbol': 'TSLA', 'data': {'c': 427.2201, 'd': -18.6899, 'dp': -4.1914, 'h': 453.5, 'l': 421.88, 'o': 453.5, 'pc': 445.91, 't': 1762535832}, 'timestamp': 1762535843.240837}
2025-11-07 22:47:23,814 - producer - INFO - Sent: {'symbol': 'MSFT', 'data': {'c': 494.49, 'd': -2.61, 'dp': -0.525, 'h': 499.377, 'l': 493.25, 'o': 498.05, 'pc': 497.1, 't': 1762535831}, 'timestamp': 1762535843.8138406}
2025-11-07 22:47:26,400 - producer - INFO - Sent: {'symbol': 'AAPL', 'data': {'c': 268.67, 'd': -1.1, 'dp': -0.4078, 'h': 272.29, 'l': 267.27, 'o': 269.63, 'pc': 269.77, 't': 1762535831}, 'timestamp': 1762535846.4002533}
2025-11-07 22:47:27,933 - producer - INFO - Sent: {'symbol': 'TSLA', 'data': {'c': 427.2201, 'd': -18.6899, 'dp': -4.1914, 'h': 453.5, 'l': 421.88, 'o': 453.5, 'pc': 445.91, 't': 1762535832}, 'timestamp': 1762535847.9321074}
2025-11-07 22:47:28,577 - producer - INFO - Sent: {'symbol': 'MSFT', 'data': {'c': 494.49, 'd': -2.61, 'dp': -0.525, 'h': 499.377, 'l': 493.25, 'o': 498.05, 'pc': 497.1, 't': 1762535831}, 'timestamp': 1762535848.5777535}
2025-11-07 22:47:31,157 - producer - INFO - Sent: {'symbol': 'AAPL', 'data': {'c': 268.67, 'd': -1.1, 'dp': -0.4078, 'h': 272.29, 'l': 267.27, 'o': 269.63, 'pc': 269.77, 't': 1762535831}, 'timestamp': 1762535851.1572993}
2025-11-07 22:47:31,727 - producer - INFO - Sent: {'symbol': 'TSLA', 'data': {'c': 427.2201, 'd': -18.6899, 'dp': -4.1914, 'h': 453.5, 'l': 421.88, 'o': 453.5, 'pc': 445.91, 't': 1762535832}, 'timestamp': 1762535851.7264287}
2025-11-07 22:47:32,322 - producer - INFO - Sent: {'symbol': 'MSFT', 'data': {'c': 494.49, 'd': -2.61, 'dp': -0.525, 'h': 499.377, 'l': 493.25, 'o': 498.05, 'pc': 497.1, 't': 1762535831}, 'timestamp': 1762535852.3211303}
2025-11-07 22:47:34,916 - producer - INFO - Sent: {'symbol': 'AAPL', 'data': {'c': 268.67, 'd': -1.1, 'dp': -0.4078, 'h': 272.29, 'l': 267.27, 'o': 269.63, 'pc': 269.77, 't': 1762535831}, 'timestamp': 1762535854.9164095}
2025-11-07 22:47:35,608 - producer - INFO - Sent: {'symbol': 'TSLA', 'data': {'c': 427.2201, 'd': -18.6899, 'dp': -4.1914, 'h': 453.5, 'l': 421.88, 'o': 453.5, 'pc': 445.91, 't': 1762535832}, 'timestamp': 1762535855.6087527}
2025-11-07 22:47:36,166 - producer - INFO - Sent: {'symbol': 'MSFT', 'data': {'c': 494.49, 'd': -2.61, 'dp': -0.525, 'h': 499.377, 'l': 493.25, 'o': 498.05, 'pc': 497.1, 't': 1762535831}, 'timestamp': 1762535856.1659136}
2025-11-07 22:47:38,736 - producer - INFO - Sent: {'symbol': 'AAPL', 'data': {'c': 268.67, 'd': -1.1, 'dp': -0.4078, 'h': 272.29, 'l': 267.27, 'o': 269.63, 'pc': 269.77, 't': 1762535831}, 'timestamp': 1762535858.735346}
2025-11-07 22:47:39,287 - producer - INFO - Sent: {'symbol': 'TSLA', 'data': {'c': 427.2201, 'd': -18.6899, 'dp': -4.1914, 'h': 453.5, 'l': 421.88, 'o': 453.5, 'pc': 445.91, 't': 1762535832}, 'timestamp': 1762535859.2865336}
2025-11-07 22:47:40,387 - producer - INFO - Sent: {'symbol': 'MSFT', 'data': {'c': 494.49, 'd': -2.61, 'dp': -0.525, 'h': 499.377, 'l': 493.25, 'o': 498.05, 'pc': 497.1, 't': 1762535831}, 'timestamp': 1762535860.3867748}
2025-11-07 22:47:42,946 - producer - INFO - Sent: {'symbol': 'AAPL', 'data': {'c': 268.67, 'd': -1.1, 'dp': -0.4078, 'h': 272.29, 'l': 267.27, 'o': 269.63, 'pc': 269.77, 't': 1762535831}, 'timestamp': 1762535862.945141}
2025-11-07 22:47:43,569 - producer - INFO - Sent: {'symbol': 'TSLA', 'data': {'c': 427.2201, 'd': -18.6899, 'dp': -4.1914, 'h': 453.5, 'l': 421.88, 'o': 453.5, 'pc': 445.91, 't': 1762535832}, 'timestamp': 1762535863.5695093}
2025-11-07 22:47:44,550 - producer - INFO - Sent: {'symbol': 'MSFT', 'data': {'c': 494.49, 'd': -2.61, 'dp': -0.525, 'h': 499.377, 'l': 493.25, 'o': 498.05, 'pc': 497.1, 't': 1762535831}, 'timestamp': 1762535864.55055}
2025-11-07 22:47:47,113 - producer - INFO - Sent: {'symbol': 'AAPL', 'data': {'c': 268.67, 'd': -1.1, 'dp': -0.4078, 'h': 272.29, 'l': 267.27, 'o': 269.63, 'pc': 269.77, 't': 1762535831}, 'timestamp': 1762535867.1132405}
2025-11-07 22:47:47,717 - producer - INFO - Sent: {'symbol': 'TSLA', 'data': {'c': 427.2201, 'd': -18.6899, 'dp': -4.1914, 'h': 453.5, 'l': 421.88, 'o': 453.5, 'pc': 445.91, 't': 1762535832}, 'timestamp': 1762535867.7170694}
2025-11-07 22:47:48,305 - producer - INFO - Sent: {'symbol': 'MSFT', 'data': {'c': 494.49, 'd': -2.61, 'dp': -0.525, 'h': 499.377, 'l': 493.25, 'o': 498.05, 'pc': 497.1, 't': 1762535831}, 'timestamp': 1762535868.305633}
2025-11-07 22:47:50,865 - producer - INFO - Sent: {'symbol': 'AAPL', 'data': {'c': 268.67, 'd': -1.1, 'dp': -0.4078, 'h': 272.29, 'l': 267.27, 'o': 269.63, 'pc': 269.77, 't': 1762535831}, 'timestamp': 1762535870.8650076}
2025-11-07 22:47:51,424 - producer - INFO - Sent: {'symbol': 'TSLA', 'data': {'c': 427.2201, 'd': -18.6899, 'dp': -4.1914, 'h': 453.5, 'l': 421.88, 'o': 453.5, 'pc': 445.91, 't': 1762535832}, 'timestamp': 1762535871.4241765}
2025-11-07 22:47:51,988 - producer - INFO - Sent: {'symbol': 'MSFT', 'data': {'c': 494.49, 'd': -2.61, 'dp': -0.525, 'h': 499.377, 'l': 493.25, 'o': 498.05, 'pc': 497.1, 't': 1762535831}, 'timestamp': 1762535871.9889996}
2025-11-07 22:47:55,046 - producer - INFO - Sent: {'symbol': 'AAPL', 'data': {'c': 268.67, 'd': -1.1, 'dp': -0.4078, 'h': 272.29, 'l': 267.27, 'o': 269.63, 'pc': 269.77, 't': 1762535831}, 'timestamp': 1762535875.045488}
2025-11-07 22:47:55,608 - producer - INFO - Sent: {'symbol': 'TSLA', 'data': {'c': 427.2201, 'd': -18.6899, 'dp': -4.1914, 'h': 453.5, 'l': 421.88, 'o': 453.5, 'pc': 445.91, 't': 1762535832}, 'timestamp': 1762535875.6081066}
2025-11-07 22:47:56,722 - producer - INFO - Sent: {'symbol': 'MSFT', 'data': {'c': 494.49, 'd': -2.61, 'dp': -0.525, 'h': 499.377, 'l': 493.25, 'o': 498.05, 'pc': 497.1, 't': 1762535831}, 'timestamp': 1762535876.72214}
2025-11-07 22:47:59,291 - producer - INFO - Sent: {'symbol': 'AAPL', 'data': {'c': 268.67, 'd': -1.1, 'dp': -0.4078, 'h': 272.29, 'l': 267.27, 'o': 269.63, 'pc': 269.77, 't': 1762535831}, 'timestamp': 1762535879.2912204}
2025-11-07 22:48:00,454 - producer - INFO - Sent: {'symbol': 'TSLA', 'data': {'c': 427.2201, 'd': -18.6899, 'dp': -4.1914, 'h': 453.5, 'l': 421.88, 'o': 453.5, 'pc': 445.91, 't': 1762535832}, 'timestamp': 1762535880.4548576}
2025-11-07 22:48:01,054 - producer - INFO - Sent: {'symbol': 'MSFT', 'data': {'c': 494.49, 'd': -2.61, 'dp': -0.525, 'h': 499.377, 'l': 493.25, 'o': 498.05, 'pc': 497.1, 't': 1762535831}, 'timestamp': 1762535881.0538976}
2025-11-07 22:48:03,794 - producer - INFO - Sent: {'symbol': 'AAPL', 'data': {'c': 268.67, 'd': -1.1, 'dp': -0.4078, 'h': 272.29, 'l': 267.27, 'o': 269.63, 'pc': 269.77, 't': 1762535831}, 'timestamp': 1762535883.7943156}
2025-11-07 22:48:04,328 - producer - INFO - Sent: {'symbol': 'TSLA', 'data': {'c': 427.2201, 'd': -18.6899, 'dp': -4.1914, 'h': 453.5, 'l': 421.88, 'o': 453.5, 'pc': 445.91, 't': 1762535832}, 'timestamp': 1762535884.3284924}
2025-11-07 22:48:04,908 - producer - INFO - Sent: {'symbol': 'MSFT', 'data': {'c': 494.49, 'd': -2.61, 'dp': -0.525, 'h': 499.377, 'l': 493.25, 'o': 498.05, 'pc': 497.1, 't': 1762535831}, 'timestamp': 1762535884.9083643}
2025-11-07 22:48:07,484 - producer - INFO - Sent: {'symbol': 'AAPL', 'data': {'c': 268.67, 'd': -1.1, 'dp': -0.4078, 'h': 272.29, 'l': 267.27, 'o': 269.63, 'pc': 269.77, 't': 1762535831}, 'timestamp': 1762535887.4842935}
2025-11-07 22:48:08,067 - producer - INFO - Sent: {'symbol': 'TSLA', 'data': {'c': 427.2201, 'd': -18.6899, 'dp': -4.1914, 'h': 453.5, 'l': 421.88, 'o': 453.5, 'pc': 445.91, 't': 1762535832}, 'timestamp': 1762535888.0673895}
2025-11-07 22:48:08,674 - producer - INFO - Sent: {'symbol': 'MSFT', 'data': {'c': 494.49, 'd': -2.61, 'dp': -0.525, 'h': 499.377, 'l': 493.25, 'o': 498.05, 'pc': 497.1, 't': 1762535831}, 'timestamp': 1762535888.6749954}
2025-11-07 22:48:11,252 - producer - INFO - Sent: {'symbol': 'AAPL', 'data': {'c': 268.67, 'd': -1.1, 'dp': -0.4078, 'h': 272.29, 'l': 267.27, 'o': 269.63, 'pc': 269.77, 't': 1762535880}, 'timestamp': 1762535891.2529447}
2025-11-07 22:48:11,852 - producer - INFO - Sent: {'symbol': 'TSLA', 'data': {'c': 427.2201, 'd': -18.6899, 'dp': -4.1914, 'h': 453.5, 'l': 421.88, 'o': 453.5, 'pc': 445.91, 't': 1762535880}, 'timestamp': 1762535891.852008}
2025-11-07 22:48:12,427 - producer - INFO - Sent: {'symbol': 'MSFT', 'data': {'c': 494.49, 'd': -2.61, 'dp': -0.525, 'h': 499.377, 'l': 493.25, 'o': 498.05, 'pc': 497.1, 't': 1762535880}, 'timestamp': 1762535892.4268107}
2025-11-07 22:48:14,987 - producer - INFO - Sent: {'symbol': 'AAPL', 'data': {'c': 268.67, 'd': -1.1, 'dp': -0.4078, 'h': 272.29, 'l': 267.27, 'o': 269.63, 'pc': 269.77, 't': 1762535880}, 'timestamp': 1762535894.9862318}
2025-11-07 22:48:15,553 - producer - INFO - Sent: {'symbol': 'TSLA', 'data': {'c': 427.2201, 'd': -18.6899, 'dp': -4.1914, 'h': 453.5, 'l': 421.88, 'o': 453.5, 'pc': 445.91, 't': 1762535880}, 'timestamp': 1762535895.5522876}
2025-11-07 22:48:16,137 - producer - INFO - Sent: {'symbol': 'MSFT', 'data': {'c': 494.49, 'd': -2.61, 'dp': -0.525, 'h': 499.377, 'l': 493.25, 'o': 498.05, 'pc': 497.1, 't': 1762535880}, 'timestamp': 1762535896.137333}
2025-11-07 22:48:18,718 - producer - INFO - Sent: {'symbol': 'AAPL', 'data': {'c': 268.67, 'd': -1.1, 'dp': -0.4078, 'h': 272.29, 'l': 267.27, 'o': 269.63, 'pc': 269.77, 't': 1762535880}, 'timestamp': 1762535898.718763}
2025-11-07 22:48:19,283 - producer - INFO - Sent: {'symbol': 'TSLA', 'data': {'c': 427.2201, 'd': -18.6899, 'dp': -4.1914, 'h': 453.5, 'l': 421.88, 'o': 453.5, 'pc': 445.91, 't': 1762535880}, 'timestamp': 1762535899.2832153}
2025-11-07 22:48:19,865 - producer - INFO - Sent: {'symbol': 'MSFT', 'data': {'c': 494.49, 'd': -2.61, 'dp': -0.525, 'h': 499.377, 'l': 493.25, 'o': 498.05, 'pc': 497.1, 't': 1762535880}, 'timestamp': 1762535899.864097}
2025-11-07 22:48:22,456 - producer - INFO - Sent: {'symbol': 'AAPL', 'data': {'c': 268.67, 'd': -1.1, 'dp': -0.4078, 'h': 272.29, 'l': 267.27, 'o': 269.63, 'pc': 269.77, 't': 1762535880}, 'timestamp': 1762535902.4551487}
2025-11-07 22:48:23,032 - producer - INFO - Sent: {'symbol': 'TSLA', 'data': {'c': 427.2201, 'd': -18.6899, 'dp': -4.1914, 'h': 453.5, 'l': 421.88, 'o': 453.5, 'pc': 445.91, 't': 1762535880}, 'timestamp': 1762535903.032373}
2025-11-07 22:48:23,584 - producer - INFO - Sent: {'symbol': 'MSFT', 'data': {'c': 494.49, 'd': -2.61, 'dp': -0.525, 'h': 499.377, 'l': 493.25, 'o': 498.05, 'pc': 497.1, 't': 1762535880}, 'timestamp': 1762535903.5840878}
2025-11-07 22:48:26,147 - producer - INFO - Sent: {'symbol': 'AAPL', 'data': {'c': 268.67, 'd': -1.1, 'dp': -0.4078, 'h': 272.29, 'l': 267.27, 'o': 269.63, 'pc': 269.77, 't': 1762535880}, 'timestamp': 1762535906.147971}
2025-11-07 22:48:26,732 - producer - INFO - Sent: {'symbol': 'TSLA', 'data': {'c': 427.2201, 'd': -18.6899, 'dp': -4.1914, 'h': 453.5, 'l': 421.88, 'o': 453.5, 'pc': 445.91, 't': 1762535880}, 'timestamp': 1762535906.7329912}
2025-11-07 22:48:27,295 - producer - INFO - Sent: {'symbol': 'MSFT', 'data': {'c': 494.49, 'd': -2.61, 'dp': -0.525, 'h': 499.377, 'l': 493.25, 'o': 498.05, 'pc': 497.1, 't': 1762535880}, 'timestamp': 1762535907.2956812}
2025-11-07 22:48:29,861 - producer - INFO - Sent: {'symbol': 'AAPL', 'data': {'c': 268.67, 'd': -1.1, 'dp': -0.4078, 'h': 272.29, 'l': 267.27, 'o': 269.63, 'pc': 269.77, 't': 1762535880}, 'timestamp': 1762535909.8603947}
2025-11-07 22:48:30,395 - producer - INFO - Sent: {'symbol': 'TSLA', 'data': {'c': 427.2201, 'd': -18.6899, 'dp': -4.1914, 'h': 453.5, 'l': 421.88, 'o': 453.5, 'pc': 445.91, 't': 1762535880}, 'timestamp': 1762535910.3944345}
2025-11-07 22:48:30,957 - producer - INFO - Sent: {'symbol': 'MSFT', 'data': {'c': 494.49, 'd': -2.61, 'dp': -0.525, 'h': 499.377, 'l': 493.25, 'o': 498.05, 'pc': 497.1, 't': 1762535880}, 'timestamp': 1762535910.957042}
2025-11-07 22:48:33,522 - producer - INFO - Sent: {'symbol': 'AAPL', 'data': {'c': 268.67, 'd': -1.1, 'dp': -0.4078, 'h': 272.29, 'l': 267.27, 'o': 269.63, 'pc': 269.77, 't': 1762535880}, 'timestamp': 1762535913.5226216}
2025-11-07 22:48:34,121 - producer - INFO - Sent: {'symbol': 'TSLA', 'data': {'c': 427.2201, 'd': -18.6899, 'dp': -4.1914, 'h': 453.5, 'l': 421.88, 'o': 453.5, 'pc': 445.91, 't': 1762535880}, 'timestamp': 1762535914.1217659}
2025-11-07 22:48:34,693 - producer - INFO - Sent: {'symbol': 'MSFT', 'data': {'c': 494.49, 'd': -2.61, 'dp': -0.525, 'h': 499.377, 'l': 493.25, 'o': 498.05, 'pc': 497.1, 't': 1762535880}, 'timestamp': 1762535914.692822}
2025-11-07 22:48:37,840 - producer - INFO - Sent: {'symbol': 'AAPL', 'data': {'c': 268.67, 'd': -1.1, 'dp': -0.4078, 'h': 272.29, 'l': 267.27, 'o': 269.63, 'pc': 269.77, 't': 1762535880}, 'timestamp': 1762535917.840132}
2025-11-07 22:48:38,822 - producer - INFO - Sent: {'symbol': 'TSLA', 'data': {'c': 427.2201, 'd': -18.6899, 'dp': -4.1914, 'h': 453.5, 'l': 421.88, 'o': 453.5, 'pc': 445.91, 't': 1762535880}, 'timestamp': 1762535918.8228667}
2025-11-07 22:48:39,394 - producer - INFO - Sent: {'symbol': 'MSFT', 'data': {'c': 494.49, 'd': -2.61, 'dp': -0.525, 'h': 499.377, 'l': 493.25, 'o': 498.05, 'pc': 497.1, 't': 1762535880}, 'timestamp': 1762535919.3929026}
2025-11-07 22:48:41,959 - producer - INFO - Sent: {'symbol': 'AAPL', 'data': {'c': 268.67, 'd': -1.1, 'dp': -0.4078, 'h': 272.29, 'l': 267.27, 'o': 269.63, 'pc': 269.77, 't': 1762535880}, 'timestamp': 1762535921.9585006}
2025-11-07 22:48:42,872 - producer - INFO - Sent: {'symbol': 'TSLA', 'data': {'c': 427.2201, 'd': -18.6899, 'dp': -4.1914, 'h': 453.5, 'l': 421.88, 'o': 453.5, 'pc': 445.91, 't': 1762535880}, 'timestamp': 1762535922.8717706}
2025-11-07 22:48:43,423 - producer - INFO - Sent: {'symbol': 'MSFT', 'data': {'c': 494.49, 'd': -2.61, 'dp': -0.525, 'h': 499.377, 'l': 493.25, 'o': 498.05, 'pc': 497.1, 't': 1762535880}, 'timestamp': 1762535923.4231138}
2025-11-07 22:48:45,996 - producer - INFO - Sent: {'symbol': 'AAPL', 'data': {'c': 268.67, 'd': -1.1, 'dp': -0.4078, 'h': 272.29, 'l': 267.27, 'o': 269.63, 'pc': 269.77, 't': 1762535880}, 'timestamp': 1762535925.9954517}
2025-11-07 22:48:46,594 - producer - INFO - Sent: {'symbol': 'TSLA', 'data': {'c': 427.2201, 'd': -18.6899, 'dp': -4.1914, 'h': 453.5, 'l': 421.88, 'o': 453.5, 'pc': 445.91, 't': 1762535880}, 'timestamp': 1762535926.5943408}
2025-11-07 22:48:47,182 - producer - INFO - Sent: {'symbol': 'MSFT', 'data': {'c': 494.49, 'd': -2.61, 'dp': -0.525, 'h': 499.377, 'l': 493.25, 'o': 498.05, 'pc': 497.1, 't': 1762535880}, 'timestamp': 1762535927.1815116}
2025-11-07 22:48:49,745 - producer - INFO - Sent: {'symbol': 'AAPL', 'data': {'c': 268.67, 'd': -1.1, 'dp': -0.4078, 'h': 272.29, 'l': 267.27, 'o': 269.63, 'pc': 269.77, 't': 1762535880}, 'timestamp': 1762535929.7447398}
2025-11-07 22:48:50,303 - producer - INFO - Sent: {'symbol': 'TSLA', 'data': {'c': 427.2201, 'd': -18.6899, 'dp': -4.1914, 'h': 453.5, 'l': 421.88, 'o': 453.5, 'pc': 445.91, 't': 1762535880}, 'timestamp': 1762535930.3039563}
2025-11-07 22:48:50,882 - producer - INFO - Sent: {'symbol': 'MSFT', 'data': {'c': 494.49, 'd': -2.61, 'dp': -0.525, 'h': 499.377, 'l': 493.25, 'o': 498.05, 'pc': 497.1, 't': 1762535880}, 'timestamp': 1762535930.8813224}
2025-11-07 22:48:53,457 - producer - INFO - Sent: {'symbol': 'AAPL', 'data': {'c': 268.67, 'd': -1.1, 'dp': -0.4078, 'h': 272.29, 'l': 267.27, 'o': 269.63, 'pc': 269.77, 't': 1762535880}, 'timestamp': 1762535933.4566414}
2025-11-07 22:48:54,040 - producer - INFO - Sent: {'symbol': 'TSLA', 'data': {'c': 427.2201, 'd': -18.6899, 'dp': -4.1914, 'h': 453.5, 'l': 421.88, 'o': 453.5, 'pc': 445.91, 't': 1762535880}, 'timestamp': 1762535934.0390842}
2025-11-07 22:48:54,597 - producer - INFO - Sent: {'symbol': 'MSFT', 'data': {'c': 494.49, 'd': -2.61, 'dp': -0.525, 'h': 499.377, 'l': 493.25, 'o': 498.05, 'pc': 497.1, 't': 1762535880}, 'timestamp': 1762535934.5963268}
2025-11-07 22:48:57,165 - producer - INFO - Sent: {'symbol': 'AAPL', 'data': {'c': 268.67, 'd': -1.1, 'dp': -0.4078, 'h': 272.29, 'l': 267.27, 'o': 269.63, 'pc': 269.77, 't': 1762535880}, 'timestamp': 1762535937.1650562}
2025-11-07 22:48:57,730 - producer - INFO - Sent: {'symbol': 'TSLA', 'data': {'c': 427.2201, 'd': -18.6899, 'dp': -4.1914, 'h': 453.5, 'l': 421.88, 'o': 453.5, 'pc': 445.91, 't': 1762535880}, 'timestamp': 1762535937.729759}
2025-11-07 22:48:58,337 - producer - INFO - Sent: {'symbol': 'MSFT', 'data': {'c': 494.49, 'd': -2.61, 'dp': -0.525, 'h': 499.377, 'l': 493.25, 'o': 498.05, 'pc': 497.1, 't': 1762535880}, 'timestamp': 1762535938.3376033}
2025-11-07 22:49:00,961 - producer - INFO - Sent: {'symbol': 'AAPL', 'data': {'c': 268.9992, 'd': -0.7708, 'dp': -0.2857, 'h': 272.29, 'l': 267.27, 'o': 269.63, 'pc': 269.77, 't': 1762535930}, 'timestamp': 1762535940.9617531}
2025-11-07 22:49:01,519 - producer - INFO - Sent: {'symbol': 'TSLA', 'data': {'c': 427.64, 'd': -18.27, 'dp': -4.0972, 'h': 453.5, 'l': 421.88, 'o': 453.5, 'pc': 445.91, 't': 1762535930}, 'timestamp': 1762535941.5180585}
2025-11-07 22:49:02,086 - producer - INFO - Sent: {'symbol': 'MSFT', 'data': {'c': 494.675, 'd': -2.425, 'dp': -0.4878, 'h': 499.377, 'l': 493.25, 'o': 498.05, 'pc': 497.1, 't': 1762535930}, 'timestamp': 1762535942.0852013}
2025-11-07 22:49:04,633 - producer - INFO - Sent: {'symbol': 'AAPL', 'data': {'c': 268.9992, 'd': -0.7708, 'dp': -0.2857, 'h': 272.29, 'l': 267.27, 'o': 269.63, 'pc': 269.77, 't': 1762535930}, 'timestamp': 1762535944.632384}
2025-11-07 22:49:05,184 - producer - INFO - Sent: {'symbol': 'TSLA', 'data': {'c': 427.64, 'd': -18.27, 'dp': -4.0972, 'h': 453.5, 'l': 421.88, 'o': 453.5, 'pc': 445.91, 't': 1762535930}, 'timestamp': 1762535945.1846604}
2025-11-07 22:49:05,760 - producer - INFO - Sent: {'symbol': 'MSFT', 'data': {'c': 494.675, 'd': -2.425, 'dp': -0.4878, 'h': 499.377, 'l': 493.25, 'o': 498.05, 'pc': 497.1, 't': 1762535930}, 'timestamp': 1762535945.7605505}
2025-11-07 22:49:08,313 - producer - INFO - Sent: {'symbol': 'AAPL', 'data': {'c': 268.9992, 'd': -0.7708, 'dp': -0.2857, 'h': 272.29, 'l': 267.27, 'o': 269.63, 'pc': 269.77, 't': 1762535930}, 'timestamp': 1762535948.313559}
2025-11-07 22:49:08,881 - producer - INFO - Sent: {'symbol': 'TSLA', 'data': {'c': 427.64, 'd': -18.27, 'dp': -4.0972, 'h': 453.5, 'l': 421.88, 'o': 453.5, 'pc': 445.91, 't': 1762535930}, 'timestamp': 1762535948.881255}
2025-11-07 22:49:09,428 - producer - INFO - Sent: {'symbol': 'MSFT', 'data': {'c': 494.675, 'd': -2.425, 'dp': -0.4878, 'h': 499.377, 'l': 493.25, 'o': 498.05, 'pc': 497.1, 't': 1762535930}, 'timestamp': 1762535949.428558}
2025-11-07 22:49:11,980 - producer - INFO - Sent: {'symbol': 'AAPL', 'data': {'c': 268.9992, 'd': -0.7708, 'dp': -0.2857, 'h': 272.29, 'l': 267.27, 'o': 269.63, 'pc': 269.77, 't': 1762535930}, 'timestamp': 1762535951.9797413}
2025-11-07 22:49:12,769 - producer - INFO - Sent: {'symbol': 'TSLA', 'data': {'c': 427.64, 'd': -18.27, 'dp': -4.0972, 'h': 453.5, 'l': 421.88, 'o': 453.5, 'pc': 445.91, 't': 1762535930}, 'timestamp': 1762535952.768061}
2025-11-07 22:49:13,366 - producer - INFO - Sent: {'symbol': 'MSFT', 'data': {'c': 494.675, 'd': -2.425, 'dp': -0.4878, 'h': 499.377, 'l': 493.25, 'o': 498.05, 'pc': 497.1, 't': 1762535930}, 'timestamp': 1762535953.3668087}
2025-11-07 22:49:15,974 - producer - INFO - Sent: {'symbol': 'AAPL', 'data': {'c': 268.9992, 'd': -0.7708, 'dp': -0.2857, 'h': 272.29, 'l': 267.27, 'o': 269.63, 'pc': 269.77, 't': 1762535930}, 'timestamp': 1762535955.9724245}
2025-11-07 22:49:16,550 - producer - INFO - Sent: {'symbol': 'TSLA', 'data': {'c': 427.64, 'd': -18.27, 'dp': -4.0972, 'h': 453.5, 'l': 421.88, 'o': 453.5, 'pc': 445.91, 't': 1762535930}, 'timestamp': 1762535956.5502017}
2025-11-07 22:49:17,115 - producer - INFO - Sent: {'symbol': 'MSFT', 'data': {'c': 494.675, 'd': -2.425, 'dp': -0.4878, 'h': 499.377, 'l': 493.25, 'o': 498.05, 'pc': 497.1, 't': 1762535930}, 'timestamp': 1762535957.1155756}
2025-11-07 22:49:19,726 - producer - INFO - Sent: {'symbol': 'AAPL', 'data': {'c': 268.9992, 'd': -0.7708, 'dp': -0.2857, 'h': 272.29, 'l': 267.27, 'o': 269.63, 'pc': 269.77, 't': 1762535930}, 'timestamp': 1762535959.7262387}
2025-11-07 22:49:20,312 - producer - INFO - Sent: {'symbol': 'TSLA', 'data': {'c': 427.64, 'd': -18.27, 'dp': -4.0972, 'h': 453.5, 'l': 421.88, 'o': 453.5, 'pc': 445.91, 't': 1762535930}, 'timestamp': 1762535960.3113792}
2025-11-07 22:49:20,871 - producer - INFO - Sent: {'symbol': 'MSFT', 'data': {'c': 494.675, 'd': -2.425, 'dp': -0.4878, 'h': 499.377, 'l': 493.25, 'o': 498.05, 'pc': 497.1, 't': 1762535930}, 'timestamp': 1762535960.8715932}
2025-11-07 22:49:23,438 - producer - INFO - Sent: {'symbol': 'AAPL', 'data': {'c': 268.9992, 'd': -0.7708, 'dp': -0.2857, 'h': 272.29, 'l': 267.27, 'o': 269.63, 'pc': 269.77, 't': 1762535930}, 'timestamp': 1762535963.4373186}
2025-11-07 22:49:24,003 - producer - INFO - Sent: {'symbol': 'TSLA', 'data': {'c': 427.64, 'd': -18.27, 'dp': -4.0972, 'h': 453.5, 'l': 421.88, 'o': 453.5, 'pc': 445.91, 't': 1762535930}, 'timestamp': 1762535964.0036206}
2025-11-07 22:49:24,621 - producer - INFO - Sent: {'symbol': 'MSFT', 'data': {'c': 494.675, 'd': -2.425, 'dp': -0.4878, 'h': 499.377, 'l': 493.25, 'o': 498.05, 'pc': 497.1, 't': 1762535930}, 'timestamp': 1762535964.6201696}
2025-11-07 22:49:27,213 - producer - INFO - Sent: {'symbol': 'AAPL', 'data': {'c': 268.9992, 'd': -0.7708, 'dp': -0.2857, 'h': 272.29, 'l': 267.27, 'o': 269.63, 'pc': 269.77, 't': 1762535930}, 'timestamp': 1762535967.2131572}
2025-11-07 22:49:28,079 - producer - INFO - Sent: {'symbol': 'TSLA', 'data': {'c': 427.64, 'd': -18.27, 'dp': -4.0972, 'h': 453.5, 'l': 421.88, 'o': 453.5, 'pc': 445.91, 't': 1762535930}, 'timestamp': 1762535968.0799477}
2025-11-07 22:49:28,616 - producer - INFO - Sent: {'symbol': 'MSFT', 'data': {'c': 494.675, 'd': -2.425, 'dp': -0.4878, 'h': 499.377, 'l': 493.25, 'o': 498.05, 'pc': 497.1, 't': 1762535930}, 'timestamp': 1762535968.6158826}
2025-11-07 22:49:31,190 - producer - INFO - Sent: {'symbol': 'AAPL', 'data': {'c': 268.9992, 'd': -0.7708, 'dp': -0.2857, 'h': 272.29, 'l': 267.27, 'o': 269.63, 'pc': 269.77, 't': 1762535930}, 'timestamp': 1762535971.190961}
2025-11-07 22:49:31,754 - producer - INFO - Sent: {'symbol': 'TSLA', 'data': {'c': 427.64, 'd': -18.27, 'dp': -4.0972, 'h': 453.5, 'l': 421.88, 'o': 453.5, 'pc': 445.91, 't': 1762535930}, 'timestamp': 1762535971.7542915}
2025-11-07 22:49:32,305 - producer - INFO - Sent: {'symbol': 'MSFT', 'data': {'c': 494.675, 'd': -2.425, 'dp': -0.4878, 'h': 499.377, 'l': 493.25, 'o': 498.05, 'pc': 497.1, 't': 1762535930}, 'timestamp': 1762535972.305929}
2025-11-07 22:49:34,890 - producer - INFO - Sent: {'symbol': 'AAPL', 'data': {'c': 268.9992, 'd': -0.7708, 'dp': -0.2857, 'h': 272.29, 'l': 267.27, 'o': 269.63, 'pc': 269.77, 't': 1762535930}, 'timestamp': 1762535974.8902993}
2025-11-07 22:49:35,560 - producer - INFO - Sent: {'symbol': 'TSLA', 'data': {'c': 427.64, 'd': -18.27, 'dp': -4.0972, 'h': 453.5, 'l': 421.88, 'o': 453.5, 'pc': 445.91, 't': 1762535930}, 'timestamp': 1762535975.5603013}
2025-11-07 22:49:36,119 - producer - INFO - Sent: {'symbol': 'MSFT', 'data': {'c': 494.675, 'd': -2.425, 'dp': -0.4878, 'h': 499.377, 'l': 493.25, 'o': 498.05, 'pc': 497.1, 't': 1762535930}, 'timestamp': 1762535976.1183054}
2025-11-07 22:49:38,699 - producer - INFO - Sent: {'symbol': 'AAPL', 'data': {'c': 268.9992, 'd': -0.7708, 'dp': -0.2857, 'h': 272.29, 'l': 267.27, 'o': 269.63, 'pc': 269.77, 't': 1762535930}, 'timestamp': 1762535978.6991725}
2025-11-07 22:49:39,273 - producer - INFO - Sent: {'symbol': 'TSLA', 'data': {'c': 427.64, 'd': -18.27, 'dp': -4.0972, 'h': 453.5, 'l': 421.88, 'o': 453.5, 'pc': 445.91, 't': 1762535930}, 'timestamp': 1762535979.2732313}
2025-11-07 22:49:40,764 - producer - INFO - Sent: {'symbol': 'MSFT', 'data': {'c': 494.675, 'd': -2.425, 'dp': -0.4878, 'h': 499.377, 'l': 493.25, 'o': 498.05, 'pc': 497.1, 't': 1762535930}, 'timestamp': 1762535980.7649045}
2025-11-07 22:49:43,337 - producer - INFO - Sent: {'symbol': 'AAPL', 'data': {'c': 268.9992, 'd': -0.7708, 'dp': -0.2857, 'h': 272.29, 'l': 267.27, 'o': 269.63, 'pc': 269.77, 't': 1762535930}, 'timestamp': 1762535983.3376477}
2025-11-07 22:49:43,928 - producer - INFO - Sent: {'symbol': 'TSLA', 'data': {'c': 427.64, 'd': -18.27, 'dp': -4.0972, 'h': 453.5, 'l': 421.88, 'o': 453.5, 'pc': 445.91, 't': 1762535930}, 'timestamp': 1762535983.9276574}
2025-11-07 22:49:44,482 - producer - INFO - Sent: {'symbol': 'MSFT', 'data': {'c': 494.675, 'd': -2.425, 'dp': -0.4878, 'h': 499.377, 'l': 493.25, 'o': 498.05, 'pc': 497.1, 't': 1762535930}, 'timestamp': 1762535984.4824948}
2025-11-07 22:49:47,055 - producer - INFO - Sent: {'symbol': 'AAPL', 'data': {'c': 268.9992, 'd': -0.7708, 'dp': -0.2857, 'h': 272.29, 'l': 267.27, 'o': 269.63, 'pc': 269.77, 't': 1762535930}, 'timestamp': 1762535987.0547054}
2025-11-07 22:49:48,651 - producer - INFO - Sent: {'symbol': 'TSLA', 'data': {'c': 427.64, 'd': -18.27, 'dp': -4.0972, 'h': 453.5, 'l': 421.88, 'o': 453.5, 'pc': 445.91, 't': 1762535930}, 'timestamp': 1762535988.6518521}
2025-11-07 22:49:49,205 - producer - INFO - Sent: {'symbol': 'MSFT', 'data': {'c': 494.675, 'd': -2.425, 'dp': -0.4878, 'h': 499.377, 'l': 493.25, 'o': 498.05, 'pc': 497.1, 't': 1762535930}, 'timestamp': 1762535989.2050748}
2025-11-07 22:49:51,843 - producer - INFO - Sent: {'symbol': 'AAPL', 'data': {'c': 269.075, 'd': -0.695, 'dp': -0.2576, 'h': 272.29, 'l': 267.27, 'o': 269.63, 'pc': 269.77, 't': 1762535979}, 'timestamp': 1762535991.8436415}
2025-11-07 22:49:52,426 - producer - INFO - Sent: {'symbol': 'TSLA', 'data': {'c': 427.03, 'd': -18.88, 'dp': -4.234, 'h': 453.5, 'l': 421.88, 'o': 453.5, 'pc': 445.91, 't': 1762535980}, 'timestamp': 1762535992.426508}
2025-11-07 22:49:52,987 - producer - INFO - Sent: {'symbol': 'MSFT', 'data': {'c': 494.855, 'd': -2.245, 'dp': -0.4516, 'h': 499.377, 'l': 493.25, 'o': 498.05, 'pc': 497.1, 't': 1762535979}, 'timestamp': 1762535992.986762}
2025-11-07 22:49:55,545 - producer - INFO - Sent: {'symbol': 'AAPL', 'data': {'c': 269.075, 'd': -0.695, 'dp': -0.2576, 'h': 272.29, 'l': 267.27, 'o': 269.63, 'pc': 269.77, 't': 1762535979}, 'timestamp': 1762535995.5450368}
2025-11-07 22:49:56,107 - producer - INFO - Sent: {'symbol': 'TSLA', 'data': {'c': 427.03, 'd': -18.88, 'dp': -4.234, 'h': 453.5, 'l': 421.88, 'o': 453.5, 'pc': 445.91, 't': 1762535980}, 'timestamp': 1762535996.106266}
2025-11-07 22:49:56,647 - producer - INFO - Sent: {'symbol': 'MSFT', 'data': {'c': 494.855, 'd': -2.245, 'dp': -0.4516, 'h': 499.377, 'l': 493.25, 'o': 498.05, 'pc': 497.1, 't': 1762535979}, 'timestamp': 1762535996.6472805}
2025-11-07 22:49:59,338 - producer - INFO - Sent: {'symbol': 'AAPL', 'data': {'c': 269.075, 'd': -0.695, 'dp': -0.2576, 'h': 272.29, 'l': 267.27, 'o': 269.63, 'pc': 269.77, 't': 1762535979}, 'timestamp': 1762535999.3370605}
2025-11-07 22:50:00,864 - producer - INFO - Sent: {'symbol': 'TSLA', 'data': {'c': 427.03, 'd': -18.88, 'dp': -4.234, 'h': 453.5, 'l': 421.88, 'o': 453.5, 'pc': 445.91, 't': 1762535980}, 'timestamp': 1762536000.8634636}
2025-11-07 22:50:01,442 - producer - INFO - Sent: {'symbol': 'MSFT', 'data': {'c': 494.855, 'd': -2.245, 'dp': -0.4516, 'h': 499.377, 'l': 493.25, 'o': 498.05, 'pc': 497.1, 't': 1762535979}, 'timestamp': 1762536001.4414058}
2025-11-07 22:50:04,124 - producer - INFO - Sent: {'symbol': 'AAPL', 'data': {'c': 269.075, 'd': -0.695, 'dp': -0.2576, 'h': 272.29, 'l': 267.27, 'o': 269.63, 'pc': 269.77, 't': 1762535979}, 'timestamp': 1762536004.124411}
2025-11-07 22:50:04,707 - producer - INFO - Sent: {'symbol': 'TSLA', 'data': {'c': 427.03, 'd': -18.88, 'dp': -4.234, 'h': 453.5, 'l': 421.88, 'o': 453.5, 'pc': 445.91, 't': 1762535980}, 'timestamp': 1762536004.707438}
2025-11-07 22:50:05,419 - producer - INFO - Sent: {'symbol': 'MSFT', 'data': {'c': 494.855, 'd': -2.245, 'dp': -0.4516, 'h': 499.377, 'l': 493.25, 'o': 498.05, 'pc': 497.1, 't': 1762535979}, 'timestamp': 1762536005.4190276}
2025-11-07 22:50:07,994 - producer - INFO - Sent: {'symbol': 'AAPL', 'data': {'c': 269.075, 'd': -0.695, 'dp': -0.2576, 'h': 272.29, 'l': 267.27, 'o': 269.63, 'pc': 269.77, 't': 1762535979}, 'timestamp': 1762536007.9935596}
2025-11-07 22:50:09,027 - producer - INFO - Sent: {'symbol': 'TSLA', 'data': {'c': 427.03, 'd': -18.88, 'dp': -4.234, 'h': 453.5, 'l': 421.88, 'o': 453.5, 'pc': 445.91, 't': 1762535980}, 'timestamp': 1762536009.0276465}
2025-11-07 22:50:09,655 - producer - INFO - Sent: {'symbol': 'MSFT', 'data': {'c': 494.855, 'd': -2.245, 'dp': -0.4516, 'h': 499.377, 'l': 493.25, 'o': 498.05, 'pc': 497.1, 't': 1762535979}, 'timestamp': 1762536009.6555958}
2025-11-07 22:50:12,280 - producer - INFO - Sent: {'symbol': 'AAPL', 'data': {'c': 269.075, 'd': -0.695, 'dp': -0.2576, 'h': 272.29, 'l': 267.27, 'o': 269.63, 'pc': 269.77, 't': 1762535979}, 'timestamp': 1762536012.2809758}
2025-11-07 22:50:12,832 - producer - INFO - Sent: {'symbol': 'TSLA', 'data': {'c': 427.03, 'd': -18.88, 'dp': -4.234, 'h': 453.5, 'l': 421.88, 'o': 453.5, 'pc': 445.91, 't': 1762535980}, 'timestamp': 1762536012.8310084}
2025-11-07 22:50:13,415 - producer - INFO - Sent: {'symbol': 'MSFT', 'data': {'c': 494.855, 'd': -2.245, 'dp': -0.4516, 'h': 499.377, 'l': 493.25, 'o': 498.05, 'pc': 497.1, 't': 1762535979}, 'timestamp': 1762536013.4140642}
2025-11-07 22:50:16,132 - producer - INFO - Sent: {'symbol': 'AAPL', 'data': {'c': 269.075, 'd': -0.695, 'dp': -0.2576, 'h': 272.29, 'l': 267.27, 'o': 269.63, 'pc': 269.77, 't': 1762535979}, 'timestamp': 1762536016.1311824}
2025-11-07 22:50:16,693 - producer - INFO - Sent: {'symbol': 'TSLA', 'data': {'c': 427.03, 'd': -18.88, 'dp': -4.234, 'h': 453.5, 'l': 421.88, 'o': 453.5, 'pc': 445.91, 't': 1762535980}, 'timestamp': 1762536016.6939561}
2025-11-07 22:50:17,324 - producer - INFO - Sent: {'symbol': 'MSFT', 'data': {'c': 494.855, 'd': -2.245, 'dp': -0.4516, 'h': 499.377, 'l': 493.25, 'o': 498.05, 'pc': 497.1, 't': 1762535979}, 'timestamp': 1762536017.324251}
2025-11-07 22:50:19,916 - producer - INFO - Sent: {'symbol': 'AAPL', 'data': {'c': 269.075, 'd': -0.695, 'dp': -0.2576, 'h': 272.29, 'l': 267.27, 'o': 269.63, 'pc': 269.77, 't': 1762535979}, 'timestamp': 1762536019.9157379}
2025-11-07 22:50:20,483 - producer - INFO - Sent: {'symbol': 'TSLA', 'data': {'c': 427.03, 'd': -18.88, 'dp': -4.234, 'h': 453.5, 'l': 421.88, 'o': 453.5, 'pc': 445.91, 't': 1762535980}, 'timestamp': 1762536020.483516}
2025-11-07 22:50:21,214 - producer - INFO - Sent: {'symbol': 'MSFT', 'data': {'c': 494.855, 'd': -2.245, 'dp': -0.4516, 'h': 499.377, 'l': 493.25, 'o': 498.05, 'pc': 497.1, 't': 1762535979}, 'timestamp': 1762536021.2137578}
2025-11-07 22:50:23,929 - producer - INFO - Sent: {'symbol': 'AAPL', 'data': {'c': 269.075, 'd': -0.695, 'dp': -0.2576, 'h': 272.29, 'l': 267.27, 'o': 269.63, 'pc': 269.77, 't': 1762535979}, 'timestamp': 1762536023.9292161}
2025-11-07 22:50:24,647 - producer - INFO - Sent: {'symbol': 'TSLA', 'data': {'c': 427.03, 'd': -18.88, 'dp': -4.234, 'h': 453.5, 'l': 421.88, 'o': 453.5, 'pc': 445.91, 't': 1762535980}, 'timestamp': 1762536024.6469655}
2025-11-07 22:50:25,214 - producer - INFO - Sent: {'symbol': 'MSFT', 'data': {'c': 494.855, 'd': -2.245, 'dp': -0.4516, 'h': 499.377, 'l': 493.25, 'o': 498.05, 'pc': 497.1, 't': 1762535979}, 'timestamp': 1762536025.2145514}
2025-11-07 22:50:27,789 - producer - INFO - Sent: {'symbol': 'AAPL', 'data': {'c': 269.075, 'd': -0.695, 'dp': -0.2576, 'h': 272.29, 'l': 267.27, 'o': 269.63, 'pc': 269.77, 't': 1762535979}, 'timestamp': 1762536027.7891424}
2025-11-07 22:50:28,341 - producer - INFO - Sent: {'symbol': 'TSLA', 'data': {'c': 427.03, 'd': -18.88, 'dp': -4.234, 'h': 453.5, 'l': 421.88, 'o': 453.5, 'pc': 445.91, 't': 1762535980}, 'timestamp': 1762536028.3412516}
2025-11-07 22:50:28,991 - producer - INFO - Sent: {'symbol': 'MSFT', 'data': {'c': 494.855, 'd': -2.245, 'dp': -0.4516, 'h': 499.377, 'l': 493.25, 'o': 498.05, 'pc': 497.1, 't': 1762535979}, 'timestamp': 1762536028.991161}
2025-11-07 22:50:31,581 - producer - INFO - Sent: {'symbol': 'AAPL', 'data': {'c': 269.075, 'd': -0.695, 'dp': -0.2576, 'h': 272.29, 'l': 267.27, 'o': 269.63, 'pc': 269.77, 't': 1762535979}, 'timestamp': 1762536031.5814655}
2025-11-07 22:50:32,199 - producer - INFO - Sent: {'symbol': 'TSLA', 'data': {'c': 426.645, 'd': -19.265, 'dp': -4.3204, 'h': 453.5, 'l': 421.88, 'o': 453.5, 'pc': 445.91, 't': 1762536028}, 'timestamp': 1762536032.1995964}
2025-11-07 22:50:32,776 - producer - INFO - Sent: {'symbol': 'MSFT', 'data': {'c': 494.7285, 'd': -2.3715, 'dp': -0.4771, 'h': 499.377, 'l': 493.25, 'o': 498.05, 'pc': 497.1, 't': 1762536028}, 'timestamp': 1762536032.7768676}
2025-11-07 22:50:35,348 - producer - INFO - Sent: {'symbol': 'AAPL', 'data': {'c': 268.98, 'd': -0.79, 'dp': -0.2928, 'h': 272.29, 'l': 267.27, 'o': 269.63, 'pc': 269.77, 't': 1762536028}, 'timestamp': 1762536035.3486245}
2025-11-07 22:50:36,356 - producer - INFO - Sent: {'symbol': 'TSLA', 'data': {'c': 426.645, 'd': -19.265, 'dp': -4.3204, 'h': 453.5, 'l': 421.88, 'o': 453.5, 'pc': 445.91, 't': 1762536028}, 'timestamp': 1762536036.3553882}
2025-11-07 22:50:36,902 - producer - INFO - Sent: {'symbol': 'MSFT', 'data': {'c': 494.7285, 'd': -2.3715, 'dp': -0.4771, 'h': 499.377, 'l': 493.25, 'o': 498.05, 'pc': 497.1, 't': 1762536028}, 'timestamp': 1762536036.9029217}
2025-11-07 22:50:39,486 - producer - INFO - Sent: {'symbol': 'AAPL', 'data': {'c': 268.98, 'd': -0.79, 'dp': -0.2928, 'h': 272.29, 'l': 267.27, 'o': 269.63, 'pc': 269.77, 't': 1762536028}, 'timestamp': 1762536039.485963}
2025-11-07 22:50:40,138 - producer - INFO - Sent: {'symbol': 'TSLA', 'data': {'c': 426.645, 'd': -19.265, 'dp': -4.3204, 'h': 453.5, 'l': 421.88, 'o': 453.5, 'pc': 445.91, 't': 1762536028}, 'timestamp': 1762536040.1373925}
2025-11-07 22:50:40,697 - producer - INFO - Sent: {'symbol': 'MSFT', 'data': {'c': 494.7285, 'd': -2.3715, 'dp': -0.4771, 'h': 499.377, 'l': 493.25, 'o': 498.05, 'pc': 497.1, 't': 1762536028}, 'timestamp': 1762536040.6962097}
2025-11-07 22:50:43,286 - producer - INFO - Sent: {'symbol': 'AAPL', 'data': {'c': 268.98, 'd': -0.79, 'dp': -0.2928, 'h': 272.29, 'l': 267.27, 'o': 269.63, 'pc': 269.77, 't': 1762536028}, 'timestamp': 1762536043.2865975}
2025-11-07 22:50:43,835 - producer - INFO - Sent: {'symbol': 'TSLA', 'data': {'c': 426.645, 'd': -19.265, 'dp': -4.3204, 'h': 453.5, 'l': 421.88, 'o': 453.5, 'pc': 445.91, 't': 1762536028}, 'timestamp': 1762536043.8348649}
2025-11-07 22:50:44,392 - producer - INFO - Sent: {'symbol': 'MSFT', 'data': {'c': 494.7285, 'd': -2.3715, 'dp': -0.4771, 'h': 499.377, 'l': 493.25, 'o': 498.05, 'pc': 497.1, 't': 1762536028}, 'timestamp': 1762536044.392441}
2025-11-07 22:50:47,265 - producer - INFO - Sent: {'symbol': 'AAPL', 'data': {'c': 268.98, 'd': -0.79, 'dp': -0.2928, 'h': 272.29, 'l': 267.27, 'o': 269.63, 'pc': 269.77, 't': 1762536028}, 'timestamp': 1762536047.2641206}
2025-11-07 22:50:47,800 - producer - INFO - Sent: {'symbol': 'TSLA', 'data': {'c': 426.645, 'd': -19.265, 'dp': -4.3204, 'h': 453.5, 'l': 421.88, 'o': 453.5, 'pc': 445.91, 't': 1762536028}, 'timestamp': 1762536047.8004556}
2025-11-07 22:50:48,415 - producer - INFO - Sent: {'symbol': 'MSFT', 'data': {'c': 494.7285, 'd': -2.3715, 'dp': -0.4771, 'h': 499.377, 'l': 493.25, 'o': 498.05, 'pc': 497.1, 't': 1762536028}, 'timestamp': 1762536048.415582}
2025-11-07 22:50:50,998 - producer - INFO - Sent: {'symbol': 'AAPL', 'data': {'c': 268.98, 'd': -0.79, 'dp': -0.2928, 'h': 272.29, 'l': 267.27, 'o': 269.63, 'pc': 269.77, 't': 1762536028}, 'timestamp': 1762536050.9981427}
2025-11-07 22:50:51,580 - producer - INFO - Sent: {'symbol': 'TSLA', 'data': {'c': 426.645, 'd': -19.265, 'dp': -4.3204, 'h': 453.5, 'l': 421.88, 'o': 453.5, 'pc': 445.91, 't': 1762536028}, 'timestamp': 1762536051.5794468}
2025-11-07 22:50:52,152 - producer - INFO - Sent: {'symbol': 'MSFT', 'data': {'c': 494.7285, 'd': -2.3715, 'dp': -0.4771, 'h': 499.377, 'l': 493.25, 'o': 498.05, 'pc': 497.1, 't': 1762536028}, 'timestamp': 1762536052.1520786}
2025-11-07 22:50:54,787 - producer - INFO - Sent: {'symbol': 'AAPL', 'data': {'c': 268.98, 'd': -0.79, 'dp': -0.2928, 'h': 272.29, 'l': 267.27, 'o': 269.63, 'pc': 269.77, 't': 1762536028}, 'timestamp': 1762536054.7870958}
2025-11-07 22:50:55,515 - producer - INFO - Sent: {'symbol': 'TSLA', 'data': {'c': 426.645, 'd': -19.265, 'dp': -4.3204, 'h': 453.5, 'l': 421.88, 'o': 453.5, 'pc': 445.91, 't': 1762536028}, 'timestamp': 1762536055.5150316}
2025-11-07 22:50:56,087 - producer - INFO - Sent: {'symbol': 'MSFT', 'data': {'c': 494.7285, 'd': -2.3715, 'dp': -0.4771, 'h': 499.377, 'l': 493.25, 'o': 498.05, 'pc': 497.1, 't': 1762536028}, 'timestamp': 1762536056.0871074}
2025-11-07 22:50:58,654 - producer - INFO - Sent: {'symbol': 'AAPL', 'data': {'c': 268.98, 'd': -0.79, 'dp': -0.2928, 'h': 272.29, 'l': 267.27, 'o': 269.63, 'pc': 269.77, 't': 1762536028}, 'timestamp': 1762536058.6545782}
2025-11-07 22:50:59,690 - producer - INFO - Sent: {'symbol': 'TSLA', 'data': {'c': 426.645, 'd': -19.265, 'dp': -4.3204, 'h': 453.5, 'l': 421.88, 'o': 453.5, 'pc': 445.91, 't': 1762536028}, 'timestamp': 1762536059.6908195}
2025-11-07 22:51:00,223 - producer - INFO - Sent: {'symbol': 'MSFT', 'data': {'c': 494.7285, 'd': -2.3715, 'dp': -0.4771, 'h': 499.377, 'l': 493.25, 'o': 498.05, 'pc': 497.1, 't': 1762536028}, 'timestamp': 1762536060.2238793}
2025-11-07 22:51:02,786 - producer - INFO - Sent: {'symbol': 'AAPL', 'data': {'c': 268.98, 'd': -0.79, 'dp': -0.2928, 'h': 272.29, 'l': 267.27, 'o': 269.63, 'pc': 269.77, 't': 1762536028}, 'timestamp': 1762536062.7857947}
2025-11-07 22:51:03,334 - producer - INFO - Sent: {'symbol': 'TSLA', 'data': {'c': 426.645, 'd': -19.265, 'dp': -4.3204, 'h': 453.5, 'l': 421.88, 'o': 453.5, 'pc': 445.91, 't': 1762536028}, 'timestamp': 1762536063.3341384}
2025-11-07 22:51:03,905 - producer - INFO - Sent: {'symbol': 'MSFT', 'data': {'c': 494.7285, 'd': -2.3715, 'dp': -0.4771, 'h': 499.377, 'l': 493.25, 'o': 498.05, 'pc': 497.1, 't': 1762536028}, 'timestamp': 1762536063.9051385}
2025-11-07 22:51:06,713 - producer - INFO - Sent: {'symbol': 'AAPL', 'data': {'c': 268.98, 'd': -0.79, 'dp': -0.2928, 'h': 272.29, 'l': 267.27, 'o': 269.63, 'pc': 269.77, 't': 1762536028}, 'timestamp': 1762536066.7138672}
2025-11-07 22:51:07,535 - producer - INFO - Sent: {'symbol': 'TSLA', 'data': {'c': 426.645, 'd': -19.265, 'dp': -4.3204, 'h': 453.5, 'l': 421.88, 'o': 453.5, 'pc': 445.91, 't': 1762536028}, 'timestamp': 1762536067.5352566}
2025-11-07 22:51:08,112 - producer - INFO - Sent: {'symbol': 'MSFT', 'data': {'c': 494.7285, 'd': -2.3715, 'dp': -0.4771, 'h': 499.377, 'l': 493.25, 'o': 498.05, 'pc': 497.1, 't': 1762536028}, 'timestamp': 1762536068.1127126}
2025-11-07 22:51:10,699 - producer - INFO - Sent: {'symbol': 'AAPL', 'data': {'c': 268.98, 'd': -0.79, 'dp': -0.2928, 'h': 272.29, 'l': 267.27, 'o': 269.63, 'pc': 269.77, 't': 1762536028}, 'timestamp': 1762536070.699222}
2025-11-07 22:51:11,283 - producer - INFO - Sent: {'symbol': 'TSLA', 'data': {'c': 426.645, 'd': -19.265, 'dp': -4.3204, 'h': 453.5, 'l': 421.88, 'o': 453.5, 'pc': 445.91, 't': 1762536028}, 'timestamp': 1762536071.2837508}
2025-11-07 22:51:11,852 - producer - INFO - Sent: {'symbol': 'MSFT', 'data': {'c': 494.7285, 'd': -2.3715, 'dp': -0.4771, 'h': 499.377, 'l': 493.25, 'o': 498.05, 'pc': 497.1, 't': 1762536028}, 'timestamp': 1762536071.8513265}
2025-11-07 22:51:14,424 - producer - INFO - Sent: {'symbol': 'AAPL', 'data': {'c': 268.98, 'd': -0.79, 'dp': -0.2928, 'h': 272.29, 'l': 267.27, 'o': 269.63, 'pc': 269.77, 't': 1762536028}, 'timestamp': 1762536074.42339}
2025-11-07 22:51:15,081 - producer - INFO - Sent: {'symbol': 'TSLA', 'data': {'c': 426.645, 'd': -19.265, 'dp': -4.3204, 'h': 453.5, 'l': 421.88, 'o': 453.5, 'pc': 445.91, 't': 1762536028}, 'timestamp': 1762536075.081276}
2025-11-07 22:51:15,636 - producer - INFO - Sent: {'symbol': 'MSFT', 'data': {'c': 494.7285, 'd': -2.3715, 'dp': -0.4771, 'h': 499.377, 'l': 493.25, 'o': 498.05, 'pc': 497.1, 't': 1762536028}, 'timestamp': 1762536075.636096}
2025-11-07 22:51:18,675 - producer - INFO - Sent: {'symbol': 'AAPL', 'data': {'c': 268.98, 'd': -0.79, 'dp': -0.2928, 'h': 272.29, 'l': 267.27, 'o': 269.63, 'pc': 269.77, 't': 1762536028}, 'timestamp': 1762536078.6748002}
2025-11-07 22:51:19,227 - producer - INFO - Sent: {'symbol': 'TSLA', 'data': {'c': 426.645, 'd': -19.265, 'dp': -4.3204, 'h': 453.5, 'l': 421.88, 'o': 453.5, 'pc': 445.91, 't': 1762536028}, 'timestamp': 1762536079.2263942}
2025-11-07 22:51:19,924 - producer - INFO - Sent: {'symbol': 'MSFT', 'data': {'c': 494.7285, 'd': -2.3715, 'dp': -0.4771, 'h': 499.377, 'l': 493.25, 'o': 498.05, 'pc': 497.1, 't': 1762536028}, 'timestamp': 1762536079.924974}
2025-11-07 22:51:22,684 - producer - INFO - Sent: {'symbol': 'AAPL', 'data': {'c': 268.98, 'd': -0.79, 'dp': -0.2928, 'h': 272.29, 'l': 267.27, 'o': 269.63, 'pc': 269.77, 't': 1762536028}, 'timestamp': 1762536082.684034}
2025-11-07 22:51:23,240 - producer - INFO - Sent: {'symbol': 'TSLA', 'data': {'c': 427.18, 'd': -18.73, 'dp': -4.2004, 'h': 453.5, 'l': 421.88, 'o': 453.5, 'pc': 445.91, 't': 1762536078}, 'timestamp': 1762536083.238911}
2025-11-07 22:51:23,819 - producer - INFO - Sent: {'symbol': 'MSFT', 'data': {'c': 494.81, 'd': -2.29, 'dp': -0.4607, 'h': 499.377, 'l': 493.25, 'o': 498.05, 'pc': 497.1, 't': 1762536077}, 'timestamp': 1762536083.8196964}
2025-11-07 22:51:26,408 - producer - INFO - Sent: {'symbol': 'AAPL', 'data': {'c': 269.1464, 'd': -0.6236, 'dp': -0.2312, 'h': 272.29, 'l': 267.27, 'o': 269.63, 'pc': 269.77, 't': 1762536078}, 'timestamp': 1762536086.408475}
2025-11-07 22:51:26,997 - producer - INFO - Sent: {'symbol': 'TSLA', 'data': {'c': 427.18, 'd': -18.73, 'dp': -4.2004, 'h': 453.5, 'l': 421.88, 'o': 453.5, 'pc': 445.91, 't': 1762536078}, 'timestamp': 1762536086.9971209}
2025-11-07 22:51:27,557 - producer - INFO - Sent: {'symbol': 'MSFT', 'data': {'c': 494.81, 'd': -2.29, 'dp': -0.4607, 'h': 499.377, 'l': 493.25, 'o': 498.05, 'pc': 497.1, 't': 1762536077}, 'timestamp': 1762536087.557749}
2025-11-07 22:51:30,120 - producer - INFO - Sent: {'symbol': 'AAPL', 'data': {'c': 269.1464, 'd': -0.6236, 'dp': -0.2312, 'h': 272.29, 'l': 267.27, 'o': 269.63, 'pc': 269.77, 't': 1762536078}, 'timestamp': 1762536090.1188052}
2025-11-07 22:51:30,778 - producer - INFO - Sent: {'symbol': 'TSLA', 'data': {'c': 427.18, 'd': -18.73, 'dp': -4.2004, 'h': 453.5, 'l': 421.88, 'o': 453.5, 'pc': 445.91, 't': 1762536078}, 'timestamp': 1762536090.7776785}
2025-11-07 22:51:31,877 - producer - INFO - Sent: {'symbol': 'MSFT', 'data': {'c': 494.81, 'd': -2.29, 'dp': -0.4607, 'h': 499.377, 'l': 493.25, 'o': 498.05, 'pc': 497.1, 't': 1762536077}, 'timestamp': 1762536091.8774095}
2025-11-07 22:51:34,455 - producer - INFO - Sent: {'symbol': 'AAPL', 'data': {'c': 269.1464, 'd': -0.6236, 'dp': -0.2312, 'h': 272.29, 'l': 267.27, 'o': 269.63, 'pc': 269.77, 't': 1762536078}, 'timestamp': 1762536094.455056}
2025-11-07 22:51:35,474 - producer - INFO - Sent: {'symbol': 'TSLA', 'data': {'c': 427.18, 'd': -18.73, 'dp': -4.2004, 'h': 453.5, 'l': 421.88, 'o': 453.5, 'pc': 445.91, 't': 1762536078}, 'timestamp': 1762536095.4738033}
2025-11-07 22:51:36,039 - producer - INFO - Sent: {'symbol': 'MSFT', 'data': {'c': 494.81, 'd': -2.29, 'dp': -0.4607, 'h': 499.377, 'l': 493.25, 'o': 498.05, 'pc': 497.1, 't': 1762536077}, 'timestamp': 1762536096.0379906}
2025-11-07 22:51:38,652 - producer - INFO - Sent: {'symbol': 'AAPL', 'data': {'c': 269.1464, 'd': -0.6236, 'dp': -0.2312, 'h': 272.29, 'l': 267.27, 'o': 269.63, 'pc': 269.77, 't': 1762536078}, 'timestamp': 1762536098.651138}
2025-11-07 22:51:39,239 - producer - INFO - Sent: {'symbol': 'TSLA', 'data': {'c': 427.18, 'd': -18.73, 'dp': -4.2004, 'h': 453.5, 'l': 421.88, 'o': 453.5, 'pc': 445.91, 't': 1762536078}, 'timestamp': 1762536099.2393777}
2025-11-07 22:51:39,898 - producer - INFO - Sent: {'symbol': 'MSFT', 'data': {'c': 494.81, 'd': -2.29, 'dp': -0.4607, 'h': 499.377, 'l': 493.25, 'o': 498.05, 'pc': 497.1, 't': 1762536077}, 'timestamp': 1762536099.8974383}
2025-11-07 22:51:43,126 - producer - INFO - Sent: {'symbol': 'AAPL', 'data': {'c': 269.1464, 'd': -0.6236, 'dp': -0.2312, 'h': 272.29, 'l': 267.27, 'o': 269.63, 'pc': 269.77, 't': 1762536078}, 'timestamp': 1762536103.1262236}
2025-11-07 22:51:43,742 - producer - INFO - Sent: {'symbol': 'TSLA', 'data': {'c': 427.18, 'd': -18.73, 'dp': -4.2004, 'h': 453.5, 'l': 421.88, 'o': 453.5, 'pc': 445.91, 't': 1762536078}, 'timestamp': 1762536103.7423027}
2025-11-07 22:51:44,308 - producer - INFO - Sent: {'symbol': 'MSFT', 'data': {'c': 494.81, 'd': -2.29, 'dp': -0.4607, 'h': 499.377, 'l': 493.25, 'o': 498.05, 'pc': 497.1, 't': 1762536077}, 'timestamp': 1762536104.3087125}
2025-11-07 22:51:47,079 - producer - INFO - Sent: {'symbol': 'AAPL', 'data': {'c': 269.1464, 'd': -0.6236, 'dp': -0.2312, 'h': 272.29, 'l': 267.27, 'o': 269.63, 'pc': 269.77, 't': 1762536078}, 'timestamp': 1762536107.0789707}
2025-11-07 22:51:47,643 - producer - INFO - Sent: {'symbol': 'TSLA', 'data': {'c': 427.18, 'd': -18.73, 'dp': -4.2004, 'h': 453.5, 'l': 421.88, 'o': 453.5, 'pc': 445.91, 't': 1762536078}, 'timestamp': 1762536107.6437087}
2025-11-07 22:51:48,260 - producer - INFO - Sent: {'symbol': 'MSFT', 'data': {'c': 494.81, 'd': -2.29, 'dp': -0.4607, 'h': 499.377, 'l': 493.25, 'o': 498.05, 'pc': 497.1, 't': 1762536077}, 'timestamp': 1762536108.2609153}
2025-11-07 22:51:50,834 - producer - INFO - Sent: {'symbol': 'AAPL', 'data': {'c': 269.1464, 'd': -0.6236, 'dp': -0.2312, 'h': 272.29, 'l': 267.27, 'o': 269.63, 'pc': 269.77, 't': 1762536078}, 'timestamp': 1762536110.8345454}
2025-11-07 22:51:51,398 - producer - INFO - Sent: {'symbol': 'TSLA', 'data': {'c': 427.18, 'd': -18.73, 'dp': -4.2004, 'h': 453.5, 'l': 421.88, 'o': 453.5, 'pc': 445.91, 't': 1762536078}, 'timestamp': 1762536111.3985636}
2025-11-07 22:51:51,968 - producer - INFO - Sent: {'symbol': 'MSFT', 'data': {'c': 494.81, 'd': -2.29, 'dp': -0.4607, 'h': 499.377, 'l': 493.25, 'o': 498.05, 'pc': 497.1, 't': 1762536077}, 'timestamp': 1762536111.9684227}
2025-11-07 22:51:54,529 - producer - INFO - Sent: {'symbol': 'AAPL', 'data': {'c': 269.1464, 'd': -0.6236, 'dp': -0.2312, 'h': 272.29, 'l': 267.27, 'o': 269.63, 'pc': 269.77, 't': 1762536110}, 'timestamp': 1762536114.5295386}
2025-11-07 22:51:55,103 - producer - INFO - Sent: {'symbol': 'TSLA', 'data': {'c': 427.18, 'd': -18.73, 'dp': -4.2004, 'h': 453.5, 'l': 421.88, 'o': 453.5, 'pc': 445.91, 't': 1762536110}, 'timestamp': 1762536115.1026945}
2025-11-07 22:51:55,953 - producer - INFO - Sent: {'symbol': 'MSFT', 'data': {'c': 494.81, 'd': -2.29, 'dp': -0.4607, 'h': 499.377, 'l': 493.25, 'o': 498.05, 'pc': 497.1, 't': 1762536106}, 'timestamp': 1762536115.9539676}
2025-11-07 22:51:58,517 - producer - INFO - Sent: {'symbol': 'AAPL', 'data': {'c': 269.1464, 'd': -0.6236, 'dp': -0.2312, 'h': 272.29, 'l': 267.27, 'o': 269.63, 'pc': 269.77, 't': 1762536110}, 'timestamp': 1762536118.5173953}
2025-11-07 22:51:59,242 - producer - INFO - Sent: {'symbol': 'TSLA', 'data': {'c': 427.18, 'd': -18.73, 'dp': -4.2004, 'h': 453.5, 'l': 421.88, 'o': 453.5, 'pc': 445.91, 't': 1762536110}, 'timestamp': 1762536119.2425053}
2025-11-07 22:52:00,039 - producer - INFO - Sent: {'symbol': 'MSFT', 'data': {'c': 494.81, 'd': -2.29, 'dp': -0.4607, 'h': 499.377, 'l': 493.25, 'o': 498.05, 'pc': 497.1, 't': 1762536106}, 'timestamp': 1762536120.0387235}
2025-11-07 22:52:02,640 - producer - INFO - Sent: {'symbol': 'AAPL', 'data': {'c': 269.1464, 'd': -0.6236, 'dp': -0.2312, 'h': 272.29, 'l': 267.27, 'o': 269.63, 'pc': 269.77, 't': 1762536110}, 'timestamp': 1762536122.639909}
2025-11-07 22:52:03,176 - producer - INFO - Sent: {'symbol': 'TSLA', 'data': {'c': 427.18, 'd': -18.73, 'dp': -4.2004, 'h': 453.5, 'l': 421.88, 'o': 453.5, 'pc': 445.91, 't': 1762536110}, 'timestamp': 1762536123.1762664}
2025-11-07 22:52:03,746 - producer - INFO - Sent: {'symbol': 'MSFT', 'data': {'c': 494.81, 'd': -2.29, 'dp': -0.4607, 'h': 499.377, 'l': 493.25, 'o': 498.05, 'pc': 497.1, 't': 1762536106}, 'timestamp': 1762536123.7460968}
2025-11-07 22:52:06,285 - producer - INFO - Sent: {'symbol': 'AAPL', 'data': {'c': 269.1464, 'd': -0.6236, 'dp': -0.2312, 'h': 272.29, 'l': 267.27, 'o': 269.63, 'pc': 269.77, 't': 1762536110}, 'timestamp': 1762536126.285796}
2025-11-07 22:52:06,938 - producer - INFO - Sent: {'symbol': 'TSLA', 'data': {'c': 427.18, 'd': -18.73, 'dp': -4.2004, 'h': 453.5, 'l': 421.88, 'o': 453.5, 'pc': 445.91, 't': 1762536110}, 'timestamp': 1762536126.9370224}
2025-11-07 22:52:07,559 - producer - INFO - Sent: {'symbol': 'MSFT', 'data': {'c': 494.81, 'd': -2.29, 'dp': -0.4607, 'h': 499.377, 'l': 493.25, 'o': 498.05, 'pc': 497.1, 't': 1762536106}, 'timestamp': 1762536127.5585861}
2025-11-07 22:52:10,150 - producer - INFO - Sent: {'symbol': 'AAPL', 'data': {'c': 269.1464, 'd': -0.6236, 'dp': -0.2312, 'h': 272.29, 'l': 267.27, 'o': 269.63, 'pc': 269.77, 't': 1762536110}, 'timestamp': 1762536130.1499534}
2025-11-07 22:52:10,722 - producer - INFO - Sent: {'symbol': 'TSLA', 'data': {'c': 427.18, 'd': -18.73, 'dp': -4.2004, 'h': 453.5, 'l': 421.88, 'o': 453.5, 'pc': 445.91, 't': 1762536110}, 'timestamp': 1762536130.7222958}
2025-11-07 22:52:11,289 - producer - INFO - Sent: {'symbol': 'MSFT', 'data': {'c': 494.81, 'd': -2.29, 'dp': -0.4607, 'h': 499.377, 'l': 493.25, 'o': 498.05, 'pc': 497.1, 't': 1762536106}, 'timestamp': 1762536131.2894378}
2025-11-07 22:52:13,870 - producer - INFO - Sent: {'symbol': 'AAPL', 'data': {'c': 269.1464, 'd': -0.6236, 'dp': -0.2312, 'h': 272.29, 'l': 267.27, 'o': 269.63, 'pc': 269.77, 't': 1762536110}, 'timestamp': 1762536133.8708415}
2025-11-07 22:52:14,416 - producer - INFO - Sent: {'symbol': 'TSLA', 'data': {'c': 427.18, 'd': -18.73, 'dp': -4.2004, 'h': 453.5, 'l': 421.88, 'o': 453.5, 'pc': 445.91, 't': 1762536110}, 'timestamp': 1762536134.416246}
2025-11-07 22:52:14,978 - producer - INFO - Sent: {'symbol': 'MSFT', 'data': {'c': 494.81, 'd': -2.29, 'dp': -0.4607, 'h': 499.377, 'l': 493.25, 'o': 498.05, 'pc': 497.1, 't': 1762536106}, 'timestamp': 1762536134.9783792}
2025-11-07 22:52:17,598 - producer - INFO - Sent: {'symbol': 'AAPL', 'data': {'c': 269.1464, 'd': -0.6236, 'dp': -0.2312, 'h': 272.29, 'l': 267.27, 'o': 269.63, 'pc': 269.77, 't': 1762536110}, 'timestamp': 1762536137.5982656}
2025-11-07 22:52:18,147 - producer - INFO - Sent: {'symbol': 'TSLA', 'data': {'c': 427.18, 'd': -18.73, 'dp': -4.2004, 'h': 453.5, 'l': 421.88, 'o': 453.5, 'pc': 445.91, 't': 1762536110}, 'timestamp': 1762536138.1466336}
2025-11-07 22:52:18,768 - producer - INFO - Sent: {'symbol': 'MSFT', 'data': {'c': 494.81, 'd': -2.29, 'dp': -0.4607, 'h': 499.377, 'l': 493.25, 'o': 498.05, 'pc': 497.1, 't': 1762536106}, 'timestamp': 1762536138.7673697}
2025-11-07 22:52:21,340 - producer - INFO - Sent: {'symbol': 'AAPL', 'data': {'c': 269.1464, 'd': -0.6236, 'dp': -0.2312, 'h': 272.29, 'l': 267.27, 'o': 269.63, 'pc': 269.77, 't': 1762536110}, 'timestamp': 1762536141.3409677}
2025-11-07 22:52:21,887 - producer - INFO - Sent: {'symbol': 'TSLA', 'data': {'c': 427.18, 'd': -18.73, 'dp': -4.2004, 'h': 453.5, 'l': 421.88, 'o': 453.5, 'pc': 445.91, 't': 1762536110}, 'timestamp': 1762536141.8861618}
2025-11-07 22:52:22,579 - producer - INFO - Sent: {'symbol': 'MSFT', 'data': {'c': 494.81, 'd': -2.29, 'dp': -0.4607, 'h': 499.377, 'l': 493.25, 'o': 498.05, 'pc': 497.1, 't': 1762536106}, 'timestamp': 1762536142.5781736}
2025-11-07 22:52:25,546 - producer - INFO - Sent: {'symbol': 'AAPL', 'data': {'c': 269.1464, 'd': -0.6236, 'dp': -0.2312, 'h': 272.29, 'l': 267.27, 'o': 269.63, 'pc': 269.77, 't': 1762536110}, 'timestamp': 1762536145.546515}
2025-11-07 22:52:26,134 - producer - INFO - Sent: {'symbol': 'TSLA', 'data': {'c': 427.18, 'd': -18.73, 'dp': -4.2004, 'h': 453.5, 'l': 421.88, 'o': 453.5, 'pc': 445.91, 't': 1762536110}, 'timestamp': 1762536146.1333237}
2025-11-07 22:52:26,811 - producer - INFO - Sent: {'symbol': 'MSFT', 'data': {'c': 494.81, 'd': -2.29, 'dp': -0.4607, 'h': 499.377, 'l': 493.25, 'o': 498.05, 'pc': 497.1, 't': 1762536106}, 'timestamp': 1762536146.811518}
2025-11-07 22:52:30,386 - producer - INFO - Sent: {'symbol': 'AAPL', 'data': {'c': 269.1464, 'd': -0.6236, 'dp': -0.2312, 'h': 272.29, 'l': 267.27, 'o': 269.63, 'pc': 269.77, 't': 1762536110}, 'timestamp': 1762536150.3864985}
2025-11-07 22:52:30,968 - producer - INFO - Sent: {'symbol': 'TSLA', 'data': {'c': 427.18, 'd': -18.73, 'dp': -4.2004, 'h': 453.5, 'l': 421.88, 'o': 453.5, 'pc': 445.91, 't': 1762536110}, 'timestamp': 1762536150.967027}
2025-11-07 22:52:31,540 - producer - INFO - Sent: {'symbol': 'MSFT', 'data': {'c': 494.81, 'd': -2.29, 'dp': -0.4607, 'h': 499.377, 'l': 493.25, 'o': 498.05, 'pc': 497.1, 't': 1762536106}, 'timestamp': 1762536151.539465}
2025-11-07 22:52:34,111 - producer - INFO - Sent: {'symbol': 'AAPL', 'data': {'c': 269.1464, 'd': -0.6236, 'dp': -0.2312, 'h': 272.29, 'l': 267.27, 'o': 269.63, 'pc': 269.77, 't': 1762536110}, 'timestamp': 1762536154.1115887}
2025-11-07 22:52:34,652 - producer - INFO - Sent: {'symbol': 'TSLA', 'data': {'c': 427.18, 'd': -18.73, 'dp': -4.2004, 'h': 453.5, 'l': 421.88, 'o': 453.5, 'pc': 445.91, 't': 1762536110}, 'timestamp': 1762536154.6525576}
2025-11-07 22:52:35,227 - producer - INFO - Sent: {'symbol': 'MSFT', 'data': {'c': 494.81, 'd': -2.29, 'dp': -0.4607, 'h': 499.377, 'l': 493.25, 'o': 498.05, 'pc': 497.1, 't': 1762536106}, 'timestamp': 1762536155.2276938}
2025-11-07 22:52:37,767 - producer - INFO - Sent: {'symbol': 'AAPL', 'data': {'c': 269.1464, 'd': -0.6236, 'dp': -0.2312, 'h': 272.29, 'l': 267.27, 'o': 269.63, 'pc': 269.77, 't': 1762536110}, 'timestamp': 1762536157.767911}
2025-11-07 22:52:39,326 - producer - INFO - Sent: {'symbol': 'TSLA', 'data': {'c': 427.18, 'd': -18.73, 'dp': -4.2004, 'h': 453.5, 'l': 421.88, 'o': 453.5, 'pc': 445.91, 't': 1762536110}, 'timestamp': 1762536159.3260405}
2025-11-07 22:52:39,893 - producer - INFO - Sent: {'symbol': 'MSFT', 'data': {'c': 494.81, 'd': -2.29, 'dp': -0.4607, 'h': 499.377, 'l': 493.25, 'o': 498.05, 'pc': 497.1, 't': 1762536106}, 'timestamp': 1762536159.893728}
2025-11-07 22:52:42,436 - producer - INFO - Sent: {'symbol': 'AAPL', 'data': {'c': 269.1464, 'd': -0.6236, 'dp': -0.2312, 'h': 272.29, 'l': 267.27, 'o': 269.63, 'pc': 269.77, 't': 1762536110}, 'timestamp': 1762536162.4362118}
2025-11-07 22:52:43,028 - producer - INFO - Sent: {'symbol': 'TSLA', 'data': {'c': 427.18, 'd': -18.73, 'dp': -4.2004, 'h': 453.5, 'l': 421.88, 'o': 453.5, 'pc': 445.91, 't': 1762536110}, 'timestamp': 1762536163.0287218}
2025-11-07 22:52:43,552 - producer - INFO - Sent: {'symbol': 'MSFT', 'data': {'c': 494.81, 'd': -2.29, 'dp': -0.4607, 'h': 499.377, 'l': 493.25, 'o': 498.05, 'pc': 497.1, 't': 1762536106}, 'timestamp': 1762536163.5519004}
2025-11-07 22:52:46,107 - producer - INFO - Sent: {'symbol': 'AAPL', 'data': {'c': 269.3291, 'd': -0.4409, 'dp': -0.1634, 'h': 272.29, 'l': 267.27, 'o': 269.63, 'pc': 269.77, 't': 1762536160}, 'timestamp': 1762536166.1077805}
2025-11-07 22:52:46,678 - producer - INFO - Sent: {'symbol': 'TSLA', 'data': {'c': 427.96, 'd': -17.95, 'dp': -4.0255, 'h': 453.5, 'l': 421.88, 'o': 453.5, 'pc': 445.91, 't': 1762536160}, 'timestamp': 1762536166.678939}
2025-11-07 22:52:47,235 - producer - INFO - Sent: {'symbol': 'MSFT', 'data': {'c': 495.075, 'd': -2.025, 'dp': -0.4074, 'h': 499.377, 'l': 493.25, 'o': 498.05, 'pc': 497.1, 't': 1762536158}, 'timestamp': 1762536167.2347965}
2025-11-07 22:52:49,828 - producer - INFO - Sent: {'symbol': 'AAPL', 'data': {'c': 269.3291, 'd': -0.4409, 'dp': -0.1634, 'h': 272.29, 'l': 267.27, 'o': 269.63, 'pc': 269.77, 't': 1762536160}, 'timestamp': 1762536169.8284652}
2025-11-07 22:52:50,387 - producer - INFO - Sent: {'symbol': 'TSLA', 'data': {'c': 427.96, 'd': -17.95, 'dp': -4.0255, 'h': 453.5, 'l': 421.88, 'o': 453.5, 'pc': 445.91, 't': 1762536160}, 'timestamp': 1762536170.3877645}
2025-11-07 22:52:50,947 - producer - INFO - Sent: {'symbol': 'MSFT', 'data': {'c': 495.075, 'd': -2.025, 'dp': -0.4074, 'h': 499.377, 'l': 493.25, 'o': 498.05, 'pc': 497.1, 't': 1762536158}, 'timestamp': 1762536170.9466536}
2025-11-07 22:52:53,690 - producer - INFO - Sent: {'symbol': 'AAPL', 'data': {'c': 269.3291, 'd': -0.4409, 'dp': -0.1634, 'h': 272.29, 'l': 267.27, 'o': 269.63, 'pc': 269.77, 't': 1762536160}, 'timestamp': 1762536173.6889744}
2025-11-07 22:52:54,235 - producer - INFO - Sent: {'symbol': 'TSLA', 'data': {'c': 427.96, 'd': -17.95, 'dp': -4.0255, 'h': 453.5, 'l': 421.88, 'o': 453.5, 'pc': 445.91, 't': 1762536160}, 'timestamp': 1762536174.2344568}
2025-11-07 22:52:55,227 - producer - INFO - Sent: {'symbol': 'MSFT', 'data': {'c': 495.075, 'd': -2.025, 'dp': -0.4074, 'h': 499.377, 'l': 493.25, 'o': 498.05, 'pc': 497.1, 't': 1762536158}, 'timestamp': 1762536175.2278872}
2025-11-07 22:52:58,205 - producer - INFO - Sent: {'symbol': 'AAPL', 'data': {'c': 269.3291, 'd': -0.4409, 'dp': -0.1634, 'h': 272.29, 'l': 267.27, 'o': 269.63, 'pc': 269.77, 't': 1762536160}, 'timestamp': 1762536178.2056777}
2025-11-07 22:52:58,821 - producer - INFO - Sent: {'symbol': 'TSLA', 'data': {'c': 427.96, 'd': -17.95, 'dp': -4.0255, 'h': 453.5, 'l': 421.88, 'o': 453.5, 'pc': 445.91, 't': 1762536160}, 'timestamp': 1762536178.8218656}
2025-11-07 22:52:59,375 - producer - INFO - Sent: {'symbol': 'MSFT', 'data': {'c': 495.075, 'd': -2.025, 'dp': -0.4074, 'h': 499.377, 'l': 493.25, 'o': 498.05, 'pc': 497.1, 't': 1762536158}, 'timestamp': 1762536179.3749812}
2025-11-07 22:53:01,960 - producer - INFO - Sent: {'symbol': 'AAPL', 'data': {'c': 269.3291, 'd': -0.4409, 'dp': -0.1634, 'h': 272.29, 'l': 267.27, 'o': 269.63, 'pc': 269.77, 't': 1762536160}, 'timestamp': 1762536181.9606597}
2025-11-07 22:53:02,492 - producer - INFO - Sent: {'symbol': 'TSLA', 'data': {'c': 427.96, 'd': -17.95, 'dp': -4.0255, 'h': 453.5, 'l': 421.88, 'o': 453.5, 'pc': 445.91, 't': 1762536160}, 'timestamp': 1762536182.4911149}
2025-11-07 22:53:03,039 - producer - INFO - Sent: {'symbol': 'MSFT', 'data': {'c': 495.075, 'd': -2.025, 'dp': -0.4074, 'h': 499.377, 'l': 493.25, 'o': 498.05, 'pc': 497.1, 't': 1762536158}, 'timestamp': 1762536183.0396154}
2025-11-07 22:53:05,765 - producer - INFO - Sent: {'symbol': 'AAPL', 'data': {'c': 269.3291, 'd': -0.4409, 'dp': -0.1634, 'h': 272.29, 'l': 267.27, 'o': 269.63, 'pc': 269.77, 't': 1762536160}, 'timestamp': 1762536185.7651386}
2025-11-07 22:53:06,349 - producer - INFO - Sent: {'symbol': 'TSLA', 'data': {'c': 427.96, 'd': -17.95, 'dp': -4.0255, 'h': 453.5, 'l': 421.88, 'o': 453.5, 'pc': 445.91, 't': 1762536160}, 'timestamp': 1762536186.3491418}
2025-11-07 22:53:07,354 - producer - INFO - Sent: {'symbol': 'MSFT', 'data': {'c': 495.075, 'd': -2.025, 'dp': -0.4074, 'h': 499.377, 'l': 493.25, 'o': 498.05, 'pc': 497.1, 't': 1762536158}, 'timestamp': 1762536187.3533804}
2025-11-07 22:53:09,929 - producer - INFO - Sent: {'symbol': 'AAPL', 'data': {'c': 269.3291, 'd': -0.4409, 'dp': -0.1634, 'h': 272.29, 'l': 267.27, 'o': 269.63, 'pc': 269.77, 't': 1762536160}, 'timestamp': 1762536189.9295483}
2025-11-07 22:53:10,482 - producer - INFO - Sent: {'symbol': 'TSLA', 'data': {'c': 427.96, 'd': -17.95, 'dp': -4.0255, 'h': 453.5, 'l': 421.88, 'o': 453.5, 'pc': 445.91, 't': 1762536160}, 'timestamp': 1762536190.4817476}
2025-11-07 22:53:11,057 - producer - INFO - Sent: {'symbol': 'MSFT', 'data': {'c': 495.075, 'd': -2.025, 'dp': -0.4074, 'h': 499.377, 'l': 493.25, 'o': 498.05, 'pc': 497.1, 't': 1762536158}, 'timestamp': 1762536191.0571733}
2025-11-07 22:53:13,624 - producer - INFO - Sent: {'symbol': 'AAPL', 'data': {'c': 269.3291, 'd': -0.4409, 'dp': -0.1634, 'h': 272.29, 'l': 267.27, 'o': 269.63, 'pc': 269.77, 't': 1762536160}, 'timestamp': 1762536193.624189}
2025-11-07 22:53:14,813 - producer - INFO - Sent: {'symbol': 'TSLA', 'data': {'c': 427.96, 'd': -17.95, 'dp': -4.0255, 'h': 453.5, 'l': 421.88, 'o': 453.5, 'pc': 445.91, 't': 1762536160}, 'timestamp': 1762536194.812425}
2025-11-07 22:53:15,863 - producer - INFO - Sent: {'symbol': 'MSFT', 'data': {'c': 495.075, 'd': -2.025, 'dp': -0.4074, 'h': 499.377, 'l': 493.25, 'o': 498.05, 'pc': 497.1, 't': 1762536158}, 'timestamp': 1762536195.8638563}
2025-11-07 22:53:18,443 - producer - INFO - Sent: {'symbol': 'AAPL', 'data': {'c': 269.3291, 'd': -0.4409, 'dp': -0.1634, 'h': 272.29, 'l': 267.27, 'o': 269.63, 'pc': 269.77, 't': 1762536160}, 'timestamp': 1762536198.4427593}
2025-11-07 22:53:19,639 - producer - INFO - Sent: {'symbol': 'TSLA', 'data': {'c': 427.96, 'd': -17.95, 'dp': -4.0255, 'h': 453.5, 'l': 421.88, 'o': 453.5, 'pc': 445.91, 't': 1762536160}, 'timestamp': 1762536199.6393292}
2025-11-07 22:53:21,514 - producer - INFO - Sent: {'symbol': 'MSFT', 'data': {'c': 495.075, 'd': -2.025, 'dp': -0.4074, 'h': 499.377, 'l': 493.25, 'o': 498.05, 'pc': 497.1, 't': 1762536158}, 'timestamp': 1762536201.514081}
2025-11-07 22:53:24,088 - producer - INFO - Sent: {'symbol': 'AAPL', 'data': {'c': 269.3291, 'd': -0.4409, 'dp': -0.1634, 'h': 272.29, 'l': 267.27, 'o': 269.63, 'pc': 269.77, 't': 1762536160}, 'timestamp': 1762536204.0884218}
2025-11-07 22:53:24,660 - producer - INFO - Sent: {'symbol': 'TSLA', 'data': {'c': 427.96, 'd': -17.95, 'dp': -4.0255, 'h': 453.5, 'l': 421.88, 'o': 453.5, 'pc': 445.91, 't': 1762536160}, 'timestamp': 1762536204.6587205}
2025-11-07 22:53:25,229 - producer - INFO - Sent: {'symbol': 'MSFT', 'data': {'c': 495.075, 'd': -2.025, 'dp': -0.4074, 'h': 499.377, 'l': 493.25, 'o': 498.05, 'pc': 497.1, 't': 1762536158}, 'timestamp': 1762536205.229211}
2025-11-07 22:53:27,827 - producer - INFO - Sent: {'symbol': 'AAPL', 'data': {'c': 269.3291, 'd': -0.4409, 'dp': -0.1634, 'h': 272.29, 'l': 267.27, 'o': 269.63, 'pc': 269.77, 't': 1762536160}, 'timestamp': 1762536207.8275144}
2025-11-07 22:53:28,383 - producer - INFO - Sent: {'symbol': 'TSLA', 'data': {'c': 427.96, 'd': -17.95, 'dp': -4.0255, 'h': 453.5, 'l': 421.88, 'o': 453.5, 'pc': 445.91, 't': 1762536160}, 'timestamp': 1762536208.3838995}
2025-11-07 22:53:28,942 - producer - INFO - Sent: {'symbol': 'MSFT', 'data': {'c': 495.075, 'd': -2.025, 'dp': -0.4074, 'h': 499.377, 'l': 493.25, 'o': 498.05, 'pc': 497.1, 't': 1762536158}, 'timestamp': 1762536208.9411356}
2025-11-07 22:53:31,495 - producer - INFO - Sent: {'symbol': 'AAPL', 'data': {'c': 269.3291, 'd': -0.4409, 'dp': -0.1634, 'h': 272.29, 'l': 267.27, 'o': 269.63, 'pc': 269.77, 't': 1762536160}, 'timestamp': 1762536211.4945707}
2025-11-07 22:53:32,099 - producer - INFO - Sent: {'symbol': 'TSLA', 'data': {'c': 427.96, 'd': -17.95, 'dp': -4.0255, 'h': 453.5, 'l': 421.88, 'o': 453.5, 'pc': 445.91, 't': 1762536160}, 'timestamp': 1762536212.0988247}
2025-11-07 22:53:32,661 - producer - INFO - Sent: {'symbol': 'MSFT', 'data': {'c': 495.075, 'd': -2.025, 'dp': -0.4074, 'h': 499.377, 'l': 493.25, 'o': 498.05, 'pc': 497.1, 't': 1762536158}, 'timestamp': 1762536212.6619916}
2025-11-07 22:53:35,238 - producer - INFO - Sent: {'symbol': 'AAPL', 'data': {'c': 269.3291, 'd': -0.4409, 'dp': -0.1634, 'h': 272.29, 'l': 267.27, 'o': 269.63, 'pc': 269.77, 't': 1762536160}, 'timestamp': 1762536215.238587}
2025-11-07 22:53:35,806 - producer - INFO - Sent: {'symbol': 'TSLA', 'data': {'c': 428.06, 'd': -17.85, 'dp': -4.003, 'h': 453.5, 'l': 421.88, 'o': 453.5, 'pc': 445.91, 't': 1762536208}, 'timestamp': 1762536215.8062127}
2025-11-07 22:53:36,386 - producer - INFO - Sent: {'symbol': 'MSFT', 'data': {'c': 495.45, 'd': -1.65, 'dp': -0.3319, 'h': 499.377, 'l': 493.25, 'o': 498.05, 'pc': 497.1, 't': 1762536208}, 'timestamp': 1762536216.3851166}
2025-11-07 22:53:38,999 - producer - INFO - Sent: {'symbol': 'AAPL', 'data': {'c': 269.32, 'd': -0.45, 'dp': -0.1668, 'h': 272.29, 'l': 267.27, 'o': 269.63, 'pc': 269.77, 't': 1762536207}, 'timestamp': 1762536218.9984665}
2025-11-07 22:53:39,608 - producer - INFO - Sent: {'symbol': 'TSLA', 'data': {'c': 428.06, 'd': -17.85, 'dp': -4.003, 'h': 453.5, 'l': 421.88, 'o': 453.5, 'pc': 445.91, 't': 1762536208}, 'timestamp': 1762536219.608436}
2025-11-07 22:53:40,599 - producer - INFO - Sent: {'symbol': 'MSFT', 'data': {'c': 495.45, 'd': -1.65, 'dp': -0.3319, 'h': 499.377, 'l': 493.25, 'o': 498.05, 'pc': 497.1, 't': 1762536208}, 'timestamp': 1762536220.5989642}
2025-11-07 22:53:43,166 - producer - INFO - Sent: {'symbol': 'AAPL', 'data': {'c': 269.32, 'd': -0.45, 'dp': -0.1668, 'h': 272.29, 'l': 267.27, 'o': 269.63, 'pc': 269.77, 't': 1762536207}, 'timestamp': 1762536223.1652963}
2025-11-07 22:53:43,767 - producer - INFO - Sent: {'symbol': 'TSLA', 'data': {'c': 428.06, 'd': -17.85, 'dp': -4.003, 'h': 453.5, 'l': 421.88, 'o': 453.5, 'pc': 445.91, 't': 1762536208}, 'timestamp': 1762536223.7672305}
2025-11-07 22:53:44,338 - producer - INFO - Sent: {'symbol': 'MSFT', 'data': {'c': 495.45, 'd': -1.65, 'dp': -0.3319, 'h': 499.377, 'l': 493.25, 'o': 498.05, 'pc': 497.1, 't': 1762536208}, 'timestamp': 1762536224.3376176}
2025-11-07 22:53:46,909 - producer - INFO - Sent: {'symbol': 'AAPL', 'data': {'c': 269.32, 'd': -0.45, 'dp': -0.1668, 'h': 272.29, 'l': 267.27, 'o': 269.63, 'pc': 269.77, 't': 1762536207}, 'timestamp': 1762536226.908529}
2025-11-07 22:53:47,444 - producer - INFO - Sent: {'symbol': 'TSLA', 'data': {'c': 428.06, 'd': -17.85, 'dp': -4.003, 'h': 453.5, 'l': 421.88, 'o': 453.5, 'pc': 445.91, 't': 1762536208}, 'timestamp': 1762536227.4442117}
2025-11-07 22:53:48,018 - producer - INFO - Sent: {'symbol': 'MSFT', 'data': {'c': 495.45, 'd': -1.65, 'dp': -0.3319, 'h': 499.377, 'l': 493.25, 'o': 498.05, 'pc': 497.1, 't': 1762536208}, 'timestamp': 1762536228.0175478}
2025-11-07 22:53:51,106 - producer - INFO - Sent: {'symbol': 'AAPL', 'data': {'c': 269.32, 'd': -0.45, 'dp': -0.1668, 'h': 272.29, 'l': 267.27, 'o': 269.63, 'pc': 269.77, 't': 1762536207}, 'timestamp': 1762536231.106755}
2025-11-07 22:53:52,702 - producer - INFO - Sent: {'symbol': 'TSLA', 'data': {'c': 428.06, 'd': -17.85, 'dp': -4.003, 'h': 453.5, 'l': 421.88, 'o': 453.5, 'pc': 445.91, 't': 1762536208}, 'timestamp': 1762536232.702799}
2025-11-07 22:53:53,261 - producer - INFO - Sent: {'symbol': 'MSFT', 'data': {'c': 495.45, 'd': -1.65, 'dp': -0.3319, 'h': 499.377, 'l': 493.25, 'o': 498.05, 'pc': 497.1, 't': 1762536208}, 'timestamp': 1762536233.2616389}
2025-11-07 22:53:55,822 - producer - INFO - Sent: {'symbol': 'AAPL', 'data': {'c': 269.32, 'd': -0.45, 'dp': -0.1668, 'h': 272.29, 'l': 267.27, 'o': 269.63, 'pc': 269.77, 't': 1762536207}, 'timestamp': 1762536235.8228962}
2025-11-07 22:53:56,557 - producer - INFO - Sent: {'symbol': 'TSLA', 'data': {'c': 428.06, 'd': -17.85, 'dp': -4.003, 'h': 453.5, 'l': 421.88, 'o': 453.5, 'pc': 445.91, 't': 1762536208}, 'timestamp': 1762536236.5564969}
2025-11-07 22:53:57,091 - producer - INFO - Sent: {'symbol': 'MSFT', 'data': {'c': 495.45, 'd': -1.65, 'dp': -0.3319, 'h': 499.377, 'l': 493.25, 'o': 498.05, 'pc': 497.1, 't': 1762536208}, 'timestamp': 1762536237.091697}
2025-11-07 22:53:59,656 - producer - INFO - Sent: {'symbol': 'AAPL', 'data': {'c': 269.32, 'd': -0.45, 'dp': -0.1668, 'h': 272.29, 'l': 267.27, 'o': 269.63, 'pc': 269.77, 't': 1762536207}, 'timestamp': 1762536239.6565192}
2025-11-07 22:54:00,218 - producer - INFO - Sent: {'symbol': 'TSLA', 'data': {'c': 428.06, 'd': -17.85, 'dp': -4.003, 'h': 453.5, 'l': 421.88, 'o': 453.5, 'pc': 445.91, 't': 1762536208}, 'timestamp': 1762536240.2174823}
2025-11-07 22:54:00,783 - producer - INFO - Sent: {'symbol': 'MSFT', 'data': {'c': 495.45, 'd': -1.65, 'dp': -0.3319, 'h': 499.377, 'l': 493.25, 'o': 498.05, 'pc': 497.1, 't': 1762536208}, 'timestamp': 1762536240.782404}
2025-11-07 22:54:03,350 - producer - INFO - Sent: {'symbol': 'AAPL', 'data': {'c': 269.32, 'd': -0.45, 'dp': -0.1668, 'h': 272.29, 'l': 267.27, 'o': 269.63, 'pc': 269.77, 't': 1762536207}, 'timestamp': 1762536243.3508546}
2025-11-07 22:54:03,894 - producer - INFO - Sent: {'symbol': 'TSLA', 'data': {'c': 428.06, 'd': -17.85, 'dp': -4.003, 'h': 453.5, 'l': 421.88, 'o': 453.5, 'pc': 445.91, 't': 1762536208}, 'timestamp': 1762536243.894826}
2025-11-07 22:54:04,446 - producer - INFO - Sent: {'symbol': 'MSFT', 'data': {'c': 495.45, 'd': -1.65, 'dp': -0.3319, 'h': 499.377, 'l': 493.25, 'o': 498.05, 'pc': 497.1, 't': 1762536208}, 'timestamp': 1762536244.4465833}
2025-11-07 22:54:06,992 - producer - INFO - Sent: {'symbol': 'AAPL', 'data': {'c': 269.32, 'd': -0.45, 'dp': -0.1668, 'h': 272.29, 'l': 267.27, 'o': 269.63, 'pc': 269.77, 't': 1762536207}, 'timestamp': 1762536246.9923422}
2025-11-07 22:54:07,551 - producer - INFO - Sent: {'symbol': 'TSLA', 'data': {'c': 428.06, 'd': -17.85, 'dp': -4.003, 'h': 453.5, 'l': 421.88, 'o': 453.5, 'pc': 445.91, 't': 1762536208}, 'timestamp': 1762536247.5504098}
2025-11-07 22:54:08,348 - producer - INFO - Sent: {'symbol': 'MSFT', 'data': {'c': 495.45, 'd': -1.65, 'dp': -0.3319, 'h': 499.377, 'l': 493.25, 'o': 498.05, 'pc': 497.1, 't': 1762536208}, 'timestamp': 1762536248.3488262}
2025-11-07 22:54:10,915 - producer - INFO - Sent: {'symbol': 'AAPL', 'data': {'c': 269.32, 'd': -0.45, 'dp': -0.1668, 'h': 272.29, 'l': 267.27, 'o': 269.63, 'pc': 269.77, 't': 1762536207}, 'timestamp': 1762536250.9150908}
2025-11-07 22:54:11,830 - producer - INFO - Sent: {'symbol': 'TSLA', 'data': {'c': 428.06, 'd': -17.85, 'dp': -4.003, 'h': 453.5, 'l': 421.88, 'o': 453.5, 'pc': 445.91, 't': 1762536208}, 'timestamp': 1762536251.8308165}
2025-11-07 22:54:12,383 - producer - INFO - Sent: {'symbol': 'MSFT', 'data': {'c': 495.45, 'd': -1.65, 'dp': -0.3319, 'h': 499.377, 'l': 493.25, 'o': 498.05, 'pc': 497.1, 't': 1762536208}, 'timestamp': 1762536252.382735}
2025-11-07 22:54:14,943 - producer - INFO - Sent: {'symbol': 'AAPL', 'data': {'c': 269.32, 'd': -0.45, 'dp': -0.1668, 'h': 272.29, 'l': 267.27, 'o': 269.63, 'pc': 269.77, 't': 1762536207}, 'timestamp': 1762536254.94325}
2025-11-07 22:54:15,514 - producer - INFO - Sent: {'symbol': 'TSLA', 'data': {'c': 428.06, 'd': -17.85, 'dp': -4.003, 'h': 453.5, 'l': 421.88, 'o': 453.5, 'pc': 445.91, 't': 1762536208}, 'timestamp': 1762536255.513497}
2025-11-07 22:54:17,373 - producer - INFO - Sent: {'symbol': 'MSFT', 'data': {'c': 495.45, 'd': -1.65, 'dp': -0.3319, 'h': 499.377, 'l': 493.25, 'o': 498.05, 'pc': 497.1, 't': 1762536208}, 'timestamp': 1762536257.3738708}
2025-11-07 22:54:19,948 - producer - INFO - Sent: {'symbol': 'AAPL', 'data': {'c': 269.32, 'd': -0.45, 'dp': -0.1668, 'h': 272.29, 'l': 267.27, 'o': 269.63, 'pc': 269.77, 't': 1762536207}, 'timestamp': 1762536259.948851}
2025-11-07 22:54:20,513 - producer - INFO - Sent: {'symbol': 'TSLA', 'data': {'c': 428.06, 'd': -17.85, 'dp': -4.003, 'h': 453.5, 'l': 421.88, 'o': 453.5, 'pc': 445.91, 't': 1762536208}, 'timestamp': 1762536260.5138624}
2025-11-07 22:54:21,107 - producer - INFO - Sent: {'symbol': 'MSFT', 'data': {'c': 495.45, 'd': -1.65, 'dp': -0.3319, 'h': 499.377, 'l': 493.25, 'o': 498.05, 'pc': 497.1, 't': 1762536208}, 'timestamp': 1762536261.107987}
2025-11-07 22:54:23,677 - producer - INFO - Sent: {'symbol': 'AAPL', 'data': {'c': 269.32, 'd': -0.45, 'dp': -0.1668, 'h': 272.29, 'l': 267.27, 'o': 269.63, 'pc': 269.77, 't': 1762536207}, 'timestamp': 1762536263.6773942}
2025-11-07 22:54:24,484 - producer - INFO - Sent: {'symbol': 'TSLA', 'data': {'c': 428.06, 'd': -17.85, 'dp': -4.003, 'h': 453.5, 'l': 421.88, 'o': 453.5, 'pc': 445.91, 't': 1762536208}, 'timestamp': 1762536264.4832485}
2025-11-07 22:54:25,056 - producer - INFO - Sent: {'symbol': 'MSFT', 'data': {'c': 495.45, 'd': -1.65, 'dp': -0.3319, 'h': 499.377, 'l': 493.25, 'o': 498.05, 'pc': 497.1, 't': 1762536208}, 'timestamp': 1762536265.0567524}
2025-11-07 22:54:27,606 - producer - INFO - Sent: {'symbol': 'AAPL', 'data': {'c': 269.38, 'd': -0.39, 'dp': -0.1446, 'h': 272.29, 'l': 267.27, 'o': 269.63, 'pc': 269.77, 't': 1762536256}, 'timestamp': 1762536267.6064315}
2025-11-07 22:54:28,646 - producer - INFO - Sent: {'symbol': 'TSLA', 'data': {'c': 428.67, 'd': -17.24, 'dp': -3.8663, 'h': 453.5, 'l': 421.88, 'o': 453.5, 'pc': 445.91, 't': 1762536257}, 'timestamp': 1762536268.645748}
2025-11-07 22:54:29,202 - producer - INFO - Sent: {'symbol': 'MSFT', 'data': {'c': 495.68, 'd': -1.42, 'dp': -0.2857, 'h': 499.377, 'l': 493.25, 'o': 498.05, 'pc': 497.1, 't': 1762536255}, 'timestamp': 1762536269.2019508}
2025-11-07 23:12:18,294 - kafka.conn - INFO - <BrokerConnection client_id=kafka-python-2.2.15, node_id=bootstrap-0 host=localhost:9092 <connecting> [IPv6 ('::1', 9092, 0, 0)]>: connecting to localhost:9092 [('::1', 9092, 0, 0) IPv6]
2025-11-07 23:12:18,331 - kafka.conn - INFO - <BrokerConnection client_id=kafka-python-2.2.15, node_id=bootstrap-0 host=localhost:9092 <checking_api_versions_recv> [IPv6 ('::1', 9092, 0, 0)]>: Broker version identified as 2.6
2025-11-07 23:12:18,331 - kafka.conn - INFO - <BrokerConnection client_id=kafka-python-2.2.15, node_id=bootstrap-0 host=localhost:9092 <connected> [IPv6 ('::1', 9092, 0, 0)]>: Connection complete.
2025-11-07 23:12:18,332 - kafka.coordinator.consumer - WARNING - group_id is None: disabling auto-commit.
2025-11-07 23:12:18,332 - kafka.consumer.subscription_state - INFO - Updating subscribed topics to: ('market_data',)
2025-11-07 23:12:18,339 - kafka.consumer.subscription_state - INFO - Updated partition assignment: [TopicPartition(topic='market_data', partition=0)]
2025-11-07 23:12:18,339 - kafka.conn - INFO - <BrokerConnection client_id=kafka-python-2.2.15, node_id=1 host=localhost:9092 <connecting> [IPv6 ('::1', 9092, 0, 0)]>: connecting to localhost:9092 [('::1', 9092, 0, 0) IPv6]
2025-11-07 23:12:18,341 - kafka.conn - INFO - <BrokerConnection client_id=kafka-python-2.2.15, node_id=1 host=localhost:9092 <connected> [IPv6 ('::1', 9092, 0, 0)]>: Connection complete.
2025-11-07 23:12:18,341 - kafka.conn - INFO - <BrokerConnection client_id=kafka-python-2.2.15, node_id=bootstrap-0 host=localhost:9092 <connected> [IPv6 ('::1', 9092, 0, 0)]>: Closing connection. 
2025-11-07 23:12:18,788 - kafka.consumer.fetcher - INFO - Resetting offset for partition TopicPartition(topic='market_data', partition=0) to offset 369.
2025-11-07 23:12:20,064 - consumer - INFO - Consumed: {'c': 268.37, 'd': -1.4, 'dp': -0.519, 'h': 272.29, 'l': 267.27, 'o': 269.63, 'pc': 269.77, 't': 1762537333}
2025-11-07 23:12:24,907 - consumer - INFO - Consumed: {'c': 268.37, 'd': -1.4, 'dp': -0.519, 'h': 272.29, 'l': 267.27, 'o': 269.63, 'pc': 269.77, 't': 1762537333}
2025-11-07 23:12:31,106 - consumer - INFO - Consumed: {'c': 268.37, 'd': -1.4, 'dp': -0.519, 'h': 272.29, 'l': 267.27, 'o': 269.63, 'pc': 269.77, 't': 1762537333}
2025-11-07 23:12:36,719 - consumer - INFO - Consumed: {'c': 268.37, 'd': -1.4, 'dp': -0.519, 'h': 272.29, 'l': 267.27, 'o': 269.63, 'pc': 269.77, 't': 1762537333}
2025-11-07 23:12:42,266 - consumer - INFO - Consumed: {'c': 268.37, 'd': -1.4, 'dp': -0.519, 'h': 272.29, 'l': 267.27, 'o': 269.63, 'pc': 269.77, 't': 1762537333}
2025-11-07 23:12:47,869 - consumer - INFO - Consumed: {'c': 268.37, 'd': -1.4, 'dp': -0.519, 'h': 272.29, 'l': 267.27, 'o': 269.63, 'pc': 269.77, 't': 1762537333}
2025-11-07 23:12:53,454 - consumer - INFO - Consumed: {'c': 268.37, 'd': -1.4, 'dp': -0.519, 'h': 272.29, 'l': 267.27, 'o': 269.63, 'pc': 269.77, 't': 1762537333}
2025-11-07 23:12:59,102 - consumer - INFO - Consumed: {'c': 268.37, 'd': -1.4, 'dp': -0.519, 'h': 272.29, 'l': 267.27, 'o': 269.63, 'pc': 269.77, 't': 1762537333}
2025-11-07 23:13:04,674 - consumer - INFO - Consumed: {'c': 268.37, 'd': -1.4, 'dp': -0.519, 'h': 272.29, 'l': 267.27, 'o': 269.63, 'pc': 269.77, 't': 1762537333}
2025-11-07 23:13:10,231 - consumer - INFO - Consumed: {'c': 268.476, 'd': -1.294, 'dp': -0.4797, 'h': 272.29, 'l': 267.27, 'o': 269.63, 'pc': 269.77, 't': 1762537383}
2025-11-07 23:13:15,823 - consumer - INFO - Consumed: {'c': 268.476, 'd': -1.294, 'dp': -0.4797, 'h': 272.29, 'l': 267.27, 'o': 269.63, 'pc': 269.77, 't': 1762537383}
2025-11-07 23:13:21,391 - consumer - INFO - Consumed: {'c': 268.476, 'd': -1.294, 'dp': -0.4797, 'h': 272.29, 'l': 267.27, 'o': 269.63, 'pc': 269.77, 't': 1762537383}
2025-11-07 23:13:27,401 - consumer - INFO - Consumed: {'c': 268.476, 'd': -1.294, 'dp': -0.4797, 'h': 272.29, 'l': 267.27, 'o': 269.63, 'pc': 269.77, 't': 1762537383}
2025-11-07 23:13:33,009 - consumer - INFO - Consumed: {'c': 268.476, 'd': -1.294, 'dp': -0.4797, 'h': 272.29, 'l': 267.27, 'o': 269.63, 'pc': 269.77, 't': 1762537383}
2025-11-07 23:13:38,581 - consumer - INFO - Consumed: {'c': 268.476, 'd': -1.294, 'dp': -0.4797, 'h': 272.29, 'l': 267.27, 'o': 269.63, 'pc': 269.77, 't': 1762537383}
2025-11-07 23:13:44,194 - consumer - INFO - Consumed: {'c': 268.476, 'd': -1.294, 'dp': -0.4797, 'h': 272.29, 'l': 267.27, 'o': 269.63, 'pc': 269.77, 't': 1762537414}
2025-11-07 23:13:49,769 - consumer - INFO - Consumed: {'c': 268.476, 'd': -1.294, 'dp': -0.4797, 'h': 272.29, 'l': 267.27, 'o': 269.63, 'pc': 269.77, 't': 1762537414}
2025-11-07 23:13:55,384 - consumer - INFO - Consumed: {'c': 268.476, 'd': -1.294, 'dp': -0.4797, 'h': 272.29, 'l': 267.27, 'o': 269.63, 'pc': 269.77, 't': 1762537414}
2025-11-07 23:14:00,953 - consumer - INFO - Consumed: {'c': 268.476, 'd': -1.294, 'dp': -0.4797, 'h': 272.29, 'l': 267.27, 'o': 269.63, 'pc': 269.77, 't': 1762537414}
